2017-03-29 09:15:51.7434|0|Microsoft.Extensions.DependencyInjection.DataProtectionServices|INFO|User profile is available. Using '/Users/Jezza/.aspnet/DataProtection-Keys' as key repository; keys will not be encrypted at rest. 
2017-03-29 09:15:51.8590|3|Microsoft.AspNetCore.Hosting.Internal.WebHost|DEBUG|Hosting starting 
2017-03-29 09:15:51.9294|4|Microsoft.AspNetCore.Hosting.Internal.WebHost|DEBUG|Hosting started 
2017-03-29 09:15:57.0655|1|Microsoft.AspNetCore.Server.Kestrel|DEBUG|Connection id "0HL3M50105QDV" started. 
2017-03-29 09:15:57.1815|1|Microsoft.AspNetCore.Hosting.Internal.WebHost|INFO|Request starting HTTP/1.1 GET http://localhost:5000/   
2017-03-29 09:15:57.2030|4|Microsoft.AspNetCore.StaticFiles.StaticFileMiddleware|DEBUG|The request path / does not match a supported file type 
2017-03-29 09:15:57.3949|1|Microsoft.AspNetCore.Routing.RouteBase|DEBUG|Request successfully matched the route with name 'default' and template '{controller=Home}/{action=Index}/{id?}'. 
2017-03-29 09:15:57.4953|1|Microsoft.AspNetCore.Mvc.Internal.ControllerActionInvoker|DEBUG|Executing action Movies.Controllers.HomeController.Index (Movies) 
2017-03-29 09:15:57.6637|1|Microsoft.AspNetCore.Mvc.Internal.ControllerActionInvoker|INFO|Executing action method Movies.Controllers.HomeController.Index (Movies) with arguments () - ModelState is Valid 
2017-03-29 09:15:57.6685|2|Microsoft.AspNetCore.Mvc.Internal.ControllerActionInvoker|DEBUG|Executed action method Movies.Controllers.HomeController.Index (Movies), returned result Microsoft.AspNetCore.Mvc.ViewResult. 
2017-03-29 09:15:57.7837|1|Microsoft.AspNetCore.Mvc.Razor.RazorViewEngine|DEBUG|View lookup cache miss for view 'Index' in controller 'Home'. 
2017-03-29 09:15:57.8293|1|Microsoft.AspNetCore.Mvc.Razor.Internal.RazorCompilationService|DEBUG|Code generation for the Razor file at '/Views/Home/Index.cshtml' started. 
2017-03-29 09:15:58.4068|2|Microsoft.AspNetCore.Mvc.Razor.Internal.RazorCompilationService|DEBUG|Code generation for the Razor file at '/Views/Home/Index.cshtml' completed in 574.71ms. 
2017-03-29 09:15:58.4146|1|Microsoft.AspNetCore.Mvc.Razor.Internal.DefaultRoslynCompilationService|DEBUG|Compilation of the generated code for the Razor file at '/Views/Home/Index.cshtml' started. 
2017-03-29 09:15:59.5535|2|Microsoft.AspNetCore.Mvc.Razor.Internal.DefaultRoslynCompilationService|DEBUG|Compilation of the generated code for the Razor file at '/Views/Home/Index.cshtml' completed in 1138.646ms. 
2017-03-29 09:15:59.5589|1|Microsoft.AspNetCore.Mvc.Razor.Internal.RazorCompilationService|DEBUG|Code generation for the Razor file at '/Views/_ViewStart.cshtml' started. 
2017-03-29 09:15:59.5621|2|Microsoft.AspNetCore.Mvc.Razor.Internal.RazorCompilationService|DEBUG|Code generation for the Razor file at '/Views/_ViewStart.cshtml' completed in 3.0226ms. 
2017-03-29 09:15:59.5621|1|Microsoft.AspNetCore.Mvc.Razor.Internal.DefaultRoslynCompilationService|DEBUG|Compilation of the generated code for the Razor file at '/Views/_ViewStart.cshtml' started. 
2017-03-29 09:15:59.6018|2|Microsoft.AspNetCore.Mvc.Razor.Internal.DefaultRoslynCompilationService|DEBUG|Compilation of the generated code for the Razor file at '/Views/_ViewStart.cshtml' completed in 39.3222ms. 
2017-03-29 09:15:59.6096|2|Microsoft.AspNetCore.Mvc.ViewFeatures.Internal.ViewResultExecutor|DEBUG|The view 'Index' was found. 
2017-03-29 09:15:59.6110|1|Microsoft.AspNetCore.Mvc.ViewFeatures.Internal.ViewResultExecutor|INFO|Executing ViewResult, running view at path /Views/Home/Index.cshtml. 
2017-03-29 09:15:59.7527|1|Microsoft.AspNetCore.Mvc.Razor.RazorViewEngine|DEBUG|View lookup cache miss for view '_Layout' in controller 'Home'. 
2017-03-29 09:15:59.7532|1|Microsoft.AspNetCore.Mvc.Razor.Internal.RazorCompilationService|DEBUG|Code generation for the Razor file at '/Views/Shared/_Layout.cshtml' started. 
2017-03-29 09:15:59.7994|2|Microsoft.AspNetCore.Mvc.Razor.Internal.RazorCompilationService|DEBUG|Code generation for the Razor file at '/Views/Shared/_Layout.cshtml' completed in 45.3828ms. 
2017-03-29 09:15:59.7994|1|Microsoft.AspNetCore.Mvc.Razor.Internal.DefaultRoslynCompilationService|DEBUG|Compilation of the generated code for the Razor file at '/Views/Shared/_Layout.cshtml' started. 
2017-03-29 09:15:59.9188|2|Microsoft.AspNetCore.Mvc.Razor.Internal.DefaultRoslynCompilationService|DEBUG|Compilation of the generated code for the Razor file at '/Views/Shared/_Layout.cshtml' completed in 118.9978ms. 
2017-03-29 09:16:00.1083|2|Microsoft.AspNetCore.Mvc.Internal.ControllerActionInvoker|INFO|Executed action Movies.Controllers.HomeController.Index (Movies) in 2612.4217ms 
2017-03-29 09:16:00.1256|1|Microsoft.AspNetCore.Server.Kestrel|DEBUG|Connection id "0HL3M50105QE0" started. 
2017-03-29 09:16:00.1304|1|Microsoft.AspNetCore.Hosting.Internal.WebHost|INFO|Request starting HTTP/1.1 GET http://localhost:5000/js/site.js   
2017-03-29 09:16:00.1319|2|Microsoft.AspNetCore.Hosting.Internal.WebHost|INFO|Request finished in 2974.0756ms 200 text/html; charset=utf-8 
2017-03-29 09:16:00.1335|5|Microsoft.AspNetCore.StaticFiles.StaticFileMiddleware|DEBUG|The request path /js/site.js does not match an existing file 
2017-03-29 09:16:00.1366|1|Microsoft.AspNetCore.Server.Kestrel|DEBUG|Connection id "0HL3M50105QE1" started. 
2017-03-29 09:16:00.1366|1|Microsoft.AspNetCore.Hosting.Internal.WebHost|INFO|Request starting HTTP/1.1 GET http://localhost:5000/js/site.min.js   
2017-03-29 09:16:00.1374|5|Microsoft.AspNetCore.StaticFiles.StaticFileMiddleware|DEBUG|The request path /js/site.min.js does not match an existing file 
2017-03-29 09:16:00.1374|1|Microsoft.AspNetCore.Routing.RouteBase|DEBUG|Request successfully matched the route with name 'default' and template '{controller=Home}/{action=Index}/{id?}'. 
2017-03-29 09:16:00.1374|1|Microsoft.AspNetCore.Routing.RouteBase|DEBUG|Request successfully matched the route with name 'default' and template '{controller=Home}/{action=Index}/{id?}'. 
2017-03-29 09:16:00.1391|3|Microsoft.AspNetCore.Mvc.Internal.MvcRouteHandler|DEBUG|No actions matched the current request 
2017-03-29 09:16:00.1405|3|Microsoft.AspNetCore.Mvc.Internal.MvcRouteHandler|DEBUG|No actions matched the current request 
2017-03-29 09:16:00.1448|1|Microsoft.AspNetCore.Builder.RouterMiddleware|DEBUG|Request did not match any routes. 
2017-03-29 09:16:00.1466|2|Microsoft.AspNetCore.Hosting.Internal.WebHost|INFO|Request finished in 9.5486ms 404  
2017-03-29 09:16:00.1466|1|Microsoft.AspNetCore.Builder.RouterMiddleware|DEBUG|Request did not match any routes. 
2017-03-29 09:16:00.1472|2|Microsoft.AspNetCore.Hosting.Internal.WebHost|INFO|Request finished in 17.0301ms 404  
2017-03-29 09:16:00.1504|9|Microsoft.AspNetCore.Server.Kestrel|DEBUG|Connection id "0HL3M50105QDV" completed keep alive response. 
2017-03-29 09:16:00.1504|9|Microsoft.AspNetCore.Server.Kestrel|DEBUG|Connection id "0HL3M50105QE1" completed keep alive response. 
2017-03-29 09:16:00.1516|9|Microsoft.AspNetCore.Server.Kestrel|DEBUG|Connection id "0HL3M50105QE0" completed keep alive response. 
2017-03-29 09:16:00.2614|1|Microsoft.AspNetCore.Hosting.Internal.WebHost|INFO|Request starting HTTP/1.1 GET http://localhost:5000/js/site.js   
2017-03-29 09:16:00.2614|5|Microsoft.AspNetCore.StaticFiles.StaticFileMiddleware|DEBUG|The request path /js/site.js does not match an existing file 
2017-03-29 09:16:00.2614|1|Microsoft.AspNetCore.Routing.RouteBase|DEBUG|Request successfully matched the route with name 'default' and template '{controller=Home}/{action=Index}/{id?}'. 
2017-03-29 09:16:00.2614|3|Microsoft.AspNetCore.Mvc.Internal.MvcRouteHandler|DEBUG|No actions matched the current request 
2017-03-29 09:16:00.2624|1|Microsoft.AspNetCore.Builder.RouterMiddleware|DEBUG|Request did not match any routes. 
2017-03-29 09:16:00.2624|2|Microsoft.AspNetCore.Hosting.Internal.WebHost|INFO|Request finished in 1.1451ms 404  
2017-03-29 09:16:00.2624|9|Microsoft.AspNetCore.Server.Kestrel|DEBUG|Connection id "0HL3M50105QE0" completed keep alive response. 
2017-03-29 09:16:00.2636|1|Microsoft.AspNetCore.Hosting.Internal.WebHost|INFO|Request starting HTTP/1.1 GET http://localhost:5000/images/banner.jpg   
2017-03-29 09:16:00.2840|6|Microsoft.AspNetCore.StaticFiles.StaticFileMiddleware|INFO|The file /images/banner.jpg was not modified 
2017-03-29 09:16:00.2903|8|Microsoft.AspNetCore.StaticFiles.StaticFileMiddleware|DEBUG|Handled. Status code: 304 File: /images/banner.jpg 
2017-03-29 09:16:00.2903|2|Microsoft.AspNetCore.Hosting.Internal.WebHost|INFO|Request finished in 27.6058ms 304 image/jpeg 
2017-03-29 09:16:00.2917|9|Microsoft.AspNetCore.Server.Kestrel|DEBUG|Connection id "0HL3M50105QE1" completed keep alive response. 
2017-03-29 09:16:00.3120|1|Microsoft.AspNetCore.Hosting.Internal.WebHost|INFO|Request starting HTTP/1.1 GET http://localhost:5000/js/site.min.js   
2017-03-29 09:16:00.3123|5|Microsoft.AspNetCore.StaticFiles.StaticFileMiddleware|DEBUG|The request path /js/site.min.js does not match an existing file 
2017-03-29 09:16:00.3123|1|Microsoft.AspNetCore.Routing.RouteBase|DEBUG|Request successfully matched the route with name 'default' and template '{controller=Home}/{action=Index}/{id?}'. 
2017-03-29 09:16:00.3123|3|Microsoft.AspNetCore.Mvc.Internal.MvcRouteHandler|DEBUG|No actions matched the current request 
2017-03-29 09:16:00.3123|1|Microsoft.AspNetCore.Builder.RouterMiddleware|DEBUG|Request did not match any routes. 
2017-03-29 09:16:00.3123|2|Microsoft.AspNetCore.Hosting.Internal.WebHost|INFO|Request finished in 1.0166ms 404  
2017-03-29 09:16:00.3123|9|Microsoft.AspNetCore.Server.Kestrel|DEBUG|Connection id "0HL3M50105QE1" completed keep alive response. 
2017-03-29 09:16:00.3688|1|Microsoft.AspNetCore.Hosting.Internal.WebHost|INFO|Request starting HTTP/1.1 GET http://localhost:5000/js/site.min.js   
2017-03-29 09:16:00.3688|5|Microsoft.AspNetCore.StaticFiles.StaticFileMiddleware|DEBUG|The request path /js/site.min.js does not match an existing file 
2017-03-29 09:16:00.3703|1|Microsoft.AspNetCore.Routing.RouteBase|DEBUG|Request successfully matched the route with name 'default' and template '{controller=Home}/{action=Index}/{id?}'. 
2017-03-29 09:16:00.3703|3|Microsoft.AspNetCore.Mvc.Internal.MvcRouteHandler|DEBUG|No actions matched the current request 
2017-03-29 09:16:00.3703|1|Microsoft.AspNetCore.Builder.RouterMiddleware|DEBUG|Request did not match any routes. 
2017-03-29 09:16:00.3703|2|Microsoft.AspNetCore.Hosting.Internal.WebHost|INFO|Request finished in 1.9171ms 404  
2017-03-29 09:16:00.3703|9|Microsoft.AspNetCore.Server.Kestrel|DEBUG|Connection id "0HL3M50105QE1" completed keep alive response. 
2017-03-29 09:16:00.3791|1|Microsoft.AspNetCore.Hosting.Internal.WebHost|INFO|Request starting HTTP/1.1 GET http://localhost:5000/js/site.js   
2017-03-29 09:16:00.3795|5|Microsoft.AspNetCore.StaticFiles.StaticFileMiddleware|DEBUG|The request path /js/site.js does not match an existing file 
2017-03-29 09:16:00.3795|1|Microsoft.AspNetCore.Routing.RouteBase|DEBUG|Request successfully matched the route with name 'default' and template '{controller=Home}/{action=Index}/{id?}'. 
2017-03-29 09:16:00.3795|3|Microsoft.AspNetCore.Mvc.Internal.MvcRouteHandler|DEBUG|No actions matched the current request 
2017-03-29 09:16:00.3795|1|Microsoft.AspNetCore.Builder.RouterMiddleware|DEBUG|Request did not match any routes. 
2017-03-29 09:16:00.3803|2|Microsoft.AspNetCore.Hosting.Internal.WebHost|INFO|Request finished in 1.2089ms 404  
2017-03-29 09:16:00.3803|9|Microsoft.AspNetCore.Server.Kestrel|DEBUG|Connection id "0HL3M50105QE1" completed keep alive response. 
2017-03-29 09:16:00.5274|1|Microsoft.AspNetCore.Hosting.Internal.WebHost|INFO|Request starting HTTP/1.1 GET http://localhost:5000/js/site.min.js   
2017-03-29 09:16:00.5274|5|Microsoft.AspNetCore.StaticFiles.StaticFileMiddleware|DEBUG|The request path /js/site.min.js does not match an existing file 
2017-03-29 09:16:00.5289|1|Microsoft.AspNetCore.Routing.RouteBase|DEBUG|Request successfully matched the route with name 'default' and template '{controller=Home}/{action=Index}/{id?}'. 
2017-03-29 09:16:00.5289|3|Microsoft.AspNetCore.Mvc.Internal.MvcRouteHandler|DEBUG|No actions matched the current request 
2017-03-29 09:16:00.5294|1|Microsoft.AspNetCore.Builder.RouterMiddleware|DEBUG|Request did not match any routes. 
2017-03-29 09:16:00.5294|2|Microsoft.AspNetCore.Hosting.Internal.WebHost|INFO|Request finished in 2.439ms 404  
2017-03-29 09:16:00.5294|9|Microsoft.AspNetCore.Server.Kestrel|DEBUG|Connection id "0HL3M50105QE1" completed keep alive response. 
2017-03-29 09:16:06.0369|1|Microsoft.AspNetCore.Hosting.Internal.WebHost|INFO|Request starting HTTP/1.1 GET http://localhost:5000/Home/Movies   
2017-03-29 09:16:06.0369|4|Microsoft.AspNetCore.StaticFiles.StaticFileMiddleware|DEBUG|The request path /Home/Movies does not match a supported file type 
2017-03-29 09:16:06.0369|1|Microsoft.AspNetCore.Routing.RouteBase|DEBUG|Request successfully matched the route with name 'default' and template '{controller=Home}/{action=Index}/{id?}'. 
2017-03-29 09:16:06.0393|1|Microsoft.AspNetCore.Mvc.Internal.ControllerActionInvoker|DEBUG|Executing action Movies.Controllers.HomeController.Movies (Movies) 
2017-03-29 09:16:06.0402|1|Microsoft.AspNetCore.Mvc.Internal.ControllerActionInvoker|INFO|Executing action method Movies.Controllers.HomeController.Movies (Movies) with arguments () - ModelState is Valid 
2017-03-29 09:16:06.7392|2|Microsoft.EntityFrameworkCore.Query.RelationalQueryCompilationContextFactory|DEBUG|Compiling query model: 'from Movie m in value(Microsoft.EntityFrameworkCore.Query.Internal.EntityQueryable`1[Movies.Data.Movie]) orderby [m].Title asc select [m]' 
2017-03-29 09:16:06.7739|3|Microsoft.EntityFrameworkCore.Query.RelationalQueryCompilationContextFactory|DEBUG|Optimized query model: 'from Movie m in value(Microsoft.EntityFrameworkCore.Query.Internal.EntityQueryable`1[Movies.Data.Movie]) orderby [m].Title asc select [m]' 
2017-03-29 09:16:06.9369|5|Microsoft.EntityFrameworkCore.Query.RelationalQueryCompilationContextFactory|DEBUG|TRACKED: True
(QueryContext queryContext) => IAsyncEnumerable<Movie> _ShapedQuery(
    queryContext: queryContext, 
    shaperCommandContext: SelectExpression: 
        SELECT "m"."id", "m"."Genre", "m"."MainActor", "m"."ReleaseDate", "m"."Title", "m"."Worth", "m"."imageUrl"
        FROM "Movies" AS "m"
        ORDER BY "m"."Title"
    , 
    shaper: UnbufferedEntityShaper<Movie>
)
 
2017-03-29 09:16:06.9932|3|Microsoft.EntityFrameworkCore.Storage.Internal.SqliteRelationalConnection|DEBUG|Opening connection to database 'main' on server './Movies.db'. 
2017-03-29 09:16:07.0315|1|Microsoft.EntityFrameworkCore.Storage.Internal.RelationalCommandBuilderFactory|INFO|Executed DbCommand (1,137ms) [Parameters=[], CommandType='Text', CommandTimeout='30']
PRAGMA foreign_keys=ON; 
2017-03-29 09:16:07.0566|1|Microsoft.EntityFrameworkCore.Storage.Internal.RelationalCommandBuilderFactory|INFO|Executed DbCommand (1,050ms) [Parameters=[], CommandType='Text', CommandTimeout='30']
SELECT "m"."id", "m"."Genre", "m"."MainActor", "m"."ReleaseDate", "m"."Title", "m"."Worth", "m"."imageUrl"
FROM "Movies" AS "m"
ORDER BY "m"."Title" 
2017-03-29 09:16:07.0830|1|Microsoft.EntityFrameworkCore.Query.RelationalQueryCompilationContextFactory|ERROR|An exception occurred in the database while iterating the results of a query.
Microsoft.Data.Sqlite.SqliteException: SQLite Error 1: 'no such table: Movies'.
   at Microsoft.Data.Sqlite.Interop.MarshalEx.ThrowExceptionForRC(Int32 rc, Sqlite3Handle db)
   at Microsoft.Data.Sqlite.SqliteCommand.ExecuteReader(CommandBehavior behavior)
   at Microsoft.Data.Sqlite.SqliteCommand.ExecuteReaderAsync(CommandBehavior behavior, CancellationToken cancellationToken)
   at Microsoft.Data.Sqlite.SqliteCommand.<ExecuteDbDataReaderAsync>d__53.MoveNext()
--- End of stack trace from previous location where exception was thrown ---
   at System.Runtime.CompilerServices.TaskAwaiter.ThrowForNonSuccess(Task task)
   at System.Runtime.CompilerServices.TaskAwaiter.HandleNonSuccessAndDebuggerNotification(Task task)
   at Microsoft.EntityFrameworkCore.Storage.Internal.RelationalCommand.<ExecuteAsync>d__20.MoveNext()
--- End of stack trace from previous location where exception was thrown ---
   at System.Runtime.CompilerServices.TaskAwaiter.ThrowForNonSuccess(Task task)
   at System.Runtime.CompilerServices.TaskAwaiter.HandleNonSuccessAndDebuggerNotification(Task task)
   at Microsoft.EntityFrameworkCore.Query.Internal.AsyncQueryingEnumerable.AsyncEnumerator.<MoveNext>d__8.MoveNext()
--- End of stack trace from previous location where exception was thrown ---
   at System.Runtime.CompilerServices.TaskAwaiter.ThrowForNonSuccess(Task task)
   at System.Runtime.CompilerServices.TaskAwaiter.HandleNonSuccessAndDebuggerNotification(Task task)
   at Microsoft.EntityFrameworkCore.Query.Internal.AsyncLinqOperatorProvider.SelectAsyncEnumerable`2.SelectAsyncEnumerator.<MoveNext>d__4.MoveNext()
--- End of stack trace from previous location where exception was thrown ---
   at System.Runtime.CompilerServices.TaskAwaiter.ThrowForNonSuccess(Task task)
   at System.Runtime.CompilerServices.TaskAwaiter.HandleNonSuccessAndDebuggerNotification(Task task)
   at Microsoft.EntityFrameworkCore.Query.Internal.AsyncLinqOperatorProvider.SelectAsyncEnumerable`2.SelectAsyncEnumerator.<MoveNext>d__4.MoveNext()
--- End of stack trace from previous location where exception was thrown ---
   at System.Runtime.CompilerServices.TaskAwaiter.ThrowForNonSuccess(Task task)
   at System.Runtime.CompilerServices.TaskAwaiter.HandleNonSuccessAndDebuggerNotification(Task task)
   at Microsoft.EntityFrameworkCore.Query.Internal.AsyncLinqOperatorProvider.ExceptionInterceptor`1.EnumeratorExceptionInterceptor.<MoveNext>d__5.MoveNext() SQLite Error 1: 'no such table: Movies'.
2017-03-29 09:16:07.0877||HomeController|ERROR|There was an error getting Movies  
2017-03-29 09:16:07.0888|2|Microsoft.AspNetCore.Mvc.Internal.ControllerActionInvoker|DEBUG|Executed action method Movies.Controllers.HomeController.Movies (Movies), returned result Microsoft.AspNetCore.Mvc.NotFoundResult. 
2017-03-29 09:16:07.0913|1|Microsoft.AspNetCore.Mvc.StatusCodeResult|INFO|Executing HttpStatusCodeResult, setting HTTP status code 404 
2017-03-29 09:16:07.0918|2|Microsoft.AspNetCore.Mvc.Internal.ControllerActionInvoker|INFO|Executed action Movies.Controllers.HomeController.Movies (Movies) in 1052.0938ms 
2017-03-29 09:16:07.0944|2|Microsoft.AspNetCore.Hosting.Internal.WebHost|INFO|Request finished in 1057.3373ms 404  
2017-03-29 09:16:07.0944|9|Microsoft.AspNetCore.Server.Kestrel|DEBUG|Connection id "0HL3M50105QE1" completed keep alive response. 
2017-03-29 09:17:04.9295|5|Microsoft.AspNetCore.Hosting.Internal.WebHost|DEBUG|Hosting shutdown 
2017-03-29 09:17:04.9471|10|Microsoft.AspNetCore.Server.Kestrel|DEBUG|Connection id "0HL3M50105QE0" disconnecting. 
2017-03-29 09:17:04.9484|7|Microsoft.AspNetCore.Server.Kestrel|DEBUG|Connection id "0HL3M50105QE0" sending FIN. 
2017-03-29 09:17:04.9491|10|Microsoft.AspNetCore.Server.Kestrel|DEBUG|Connection id "0HL3M50105QDV" disconnecting. 
2017-03-29 09:17:04.9491|7|Microsoft.AspNetCore.Server.Kestrel|DEBUG|Connection id "0HL3M50105QDV" sending FIN. 
2017-03-29 09:17:04.9491|10|Microsoft.AspNetCore.Server.Kestrel|DEBUG|Connection id "0HL3M50105QE1" disconnecting. 
2017-03-29 09:17:04.9503|7|Microsoft.AspNetCore.Server.Kestrel|DEBUG|Connection id "0HL3M50105QE1" sending FIN. 
2017-03-29 09:17:04.9533|8|Microsoft.AspNetCore.Server.Kestrel|DEBUG|Connection id "0HL3M50105QDV" sent FIN with status "0". 
2017-03-29 09:17:04.9533|8|Microsoft.AspNetCore.Server.Kestrel|DEBUG|Connection id "0HL3M50105QE0" sent FIN with status "0". 
2017-03-29 09:17:04.9561|2|Microsoft.AspNetCore.Server.Kestrel|DEBUG|Connection id "0HL3M50105QDV" stopped. 
2017-03-29 09:17:04.9561|8|Microsoft.AspNetCore.Server.Kestrel|DEBUG|Connection id "0HL3M50105QE1" sent FIN with status "0". 
2017-03-29 09:17:04.9561|2|Microsoft.AspNetCore.Server.Kestrel|DEBUG|Connection id "0HL3M50105QE0" stopped. 
2017-03-29 09:17:04.9561|2|Microsoft.AspNetCore.Server.Kestrel|DEBUG|Connection id "0HL3M50105QE1" stopped. 
2017-03-29 09:17:11.2894|0|Microsoft.Extensions.DependencyInjection.DataProtectionServices|INFO|User profile is available. Using '/Users/Jezza/.aspnet/DataProtection-Keys' as key repository; keys will not be encrypted at rest. 
2017-03-29 09:17:11.4215|3|Microsoft.AspNetCore.Hosting.Internal.WebHost|DEBUG|Hosting starting 
2017-03-29 09:17:11.5030|4|Microsoft.AspNetCore.Hosting.Internal.WebHost|DEBUG|Hosting started 
2017-03-29 09:17:16.7560|1|Microsoft.AspNetCore.Server.Kestrel|DEBUG|Connection id "0HL3M50OO5HA3" started. 
2017-03-29 09:17:16.8577|1|Microsoft.AspNetCore.Hosting.Internal.WebHost|INFO|Request starting HTTP/1.1 GET http://localhost:5000/   
2017-03-29 09:17:16.8781|4|Microsoft.AspNetCore.StaticFiles.StaticFileMiddleware|DEBUG|The request path / does not match a supported file type 
2017-03-29 09:17:17.0584|1|Microsoft.AspNetCore.Routing.RouteBase|DEBUG|Request successfully matched the route with name 'default' and template '{controller=Home}/{action=Index}/{id?}'. 
2017-03-29 09:17:17.1582|1|Microsoft.AspNetCore.Mvc.Internal.ControllerActionInvoker|DEBUG|Executing action Movies.Controllers.HomeController.Index (Movies) 
2017-03-29 09:17:17.3073|1|Microsoft.AspNetCore.Mvc.Internal.ControllerActionInvoker|INFO|Executing action method Movies.Controllers.HomeController.Index (Movies) with arguments () - ModelState is Valid 
2017-03-29 09:17:17.3120|2|Microsoft.AspNetCore.Mvc.Internal.ControllerActionInvoker|DEBUG|Executed action method Movies.Controllers.HomeController.Index (Movies), returned result Microsoft.AspNetCore.Mvc.ViewResult. 
2017-03-29 09:17:17.4216|1|Microsoft.AspNetCore.Mvc.Razor.RazorViewEngine|DEBUG|View lookup cache miss for view 'Index' in controller 'Home'. 
2017-03-29 09:17:17.4678|1|Microsoft.AspNetCore.Mvc.Razor.Internal.RazorCompilationService|DEBUG|Code generation for the Razor file at '/Views/Home/Index.cshtml' started. 
2017-03-29 09:17:18.0406|2|Microsoft.AspNetCore.Mvc.Razor.Internal.RazorCompilationService|DEBUG|Code generation for the Razor file at '/Views/Home/Index.cshtml' completed in 570.6047ms. 
2017-03-29 09:17:18.0475|1|Microsoft.AspNetCore.Mvc.Razor.Internal.DefaultRoslynCompilationService|DEBUG|Compilation of the generated code for the Razor file at '/Views/Home/Index.cshtml' started. 
2017-03-29 09:17:19.1586|2|Microsoft.AspNetCore.Mvc.Razor.Internal.DefaultRoslynCompilationService|DEBUG|Compilation of the generated code for the Razor file at '/Views/Home/Index.cshtml' completed in 1110.7353ms. 
2017-03-29 09:17:19.1634|1|Microsoft.AspNetCore.Mvc.Razor.Internal.RazorCompilationService|DEBUG|Code generation for the Razor file at '/Views/_ViewStart.cshtml' started. 
2017-03-29 09:17:19.1674|2|Microsoft.AspNetCore.Mvc.Razor.Internal.RazorCompilationService|DEBUG|Code generation for the Razor file at '/Views/_ViewStart.cshtml' completed in 3.8575ms. 
2017-03-29 09:17:19.1674|1|Microsoft.AspNetCore.Mvc.Razor.Internal.DefaultRoslynCompilationService|DEBUG|Compilation of the generated code for the Razor file at '/Views/_ViewStart.cshtml' started. 
2017-03-29 09:17:19.2041|2|Microsoft.AspNetCore.Mvc.Razor.Internal.DefaultRoslynCompilationService|DEBUG|Compilation of the generated code for the Razor file at '/Views/_ViewStart.cshtml' completed in 36.2061ms. 
2017-03-29 09:17:19.2109|2|Microsoft.AspNetCore.Mvc.ViewFeatures.Internal.ViewResultExecutor|DEBUG|The view 'Index' was found. 
2017-03-29 09:17:19.2123|1|Microsoft.AspNetCore.Mvc.ViewFeatures.Internal.ViewResultExecutor|INFO|Executing ViewResult, running view at path /Views/Home/Index.cshtml. 
2017-03-29 09:17:19.3573|1|Microsoft.AspNetCore.Mvc.Razor.RazorViewEngine|DEBUG|View lookup cache miss for view '_Layout' in controller 'Home'. 
2017-03-29 09:17:19.3573|1|Microsoft.AspNetCore.Mvc.Razor.Internal.RazorCompilationService|DEBUG|Code generation for the Razor file at '/Views/Shared/_Layout.cshtml' started. 
2017-03-29 09:17:19.3847|2|Microsoft.AspNetCore.Mvc.Razor.Internal.RazorCompilationService|DEBUG|Code generation for the Razor file at '/Views/Shared/_Layout.cshtml' completed in 26.1781ms. 
2017-03-29 09:17:19.3850|1|Microsoft.AspNetCore.Mvc.Razor.Internal.DefaultRoslynCompilationService|DEBUG|Compilation of the generated code for the Razor file at '/Views/Shared/_Layout.cshtml' started. 
2017-03-29 09:17:19.5019|2|Microsoft.AspNetCore.Mvc.Razor.Internal.DefaultRoslynCompilationService|DEBUG|Compilation of the generated code for the Razor file at '/Views/Shared/_Layout.cshtml' completed in 116.6517ms. 
2017-03-29 09:17:19.6907|2|Microsoft.AspNetCore.Mvc.Internal.ControllerActionInvoker|INFO|Executed action Movies.Controllers.HomeController.Index (Movies) in 2532.0386ms 
2017-03-29 09:17:19.7057|1|Microsoft.AspNetCore.Server.Kestrel|DEBUG|Connection id "0HL3M50OO5HA4" started. 
2017-03-29 09:17:19.7069|1|Microsoft.AspNetCore.Server.Kestrel|DEBUG|Connection id "0HL3M50OO5HA5" started. 
2017-03-29 09:17:19.7127|2|Microsoft.AspNetCore.Hosting.Internal.WebHost|INFO|Request finished in 2876.3948ms 200 text/html; charset=utf-8 
2017-03-29 09:17:19.7168|1|Microsoft.AspNetCore.Hosting.Internal.WebHost|INFO|Request starting HTTP/1.1 GET http://localhost:5000/js/site.js   
2017-03-29 09:17:19.7191|1|Microsoft.AspNetCore.Hosting.Internal.WebHost|INFO|Request starting HTTP/1.1 GET http://localhost:5000/js/site.min.js   
2017-03-29 09:17:19.7209|5|Microsoft.AspNetCore.StaticFiles.StaticFileMiddleware|DEBUG|The request path /js/site.min.js does not match an existing file 
2017-03-29 09:17:19.7221|1|Microsoft.AspNetCore.Routing.RouteBase|DEBUG|Request successfully matched the route with name 'default' and template '{controller=Home}/{action=Index}/{id?}'. 
2017-03-29 09:17:19.7237|3|Microsoft.AspNetCore.Mvc.Internal.MvcRouteHandler|DEBUG|No actions matched the current request 
2017-03-29 09:17:19.7263|9|Microsoft.AspNetCore.Server.Kestrel|DEBUG|Connection id "0HL3M50OO5HA3" completed keep alive response. 
2017-03-29 09:17:19.7293|1|Microsoft.AspNetCore.Builder.RouterMiddleware|DEBUG|Request did not match any routes. 
2017-03-29 09:17:19.7209|5|Microsoft.AspNetCore.StaticFiles.StaticFileMiddleware|DEBUG|The request path /js/site.js does not match an existing file 
2017-03-29 09:17:19.7313|2|Microsoft.AspNetCore.Hosting.Internal.WebHost|INFO|Request finished in 12.2689ms 404  
2017-03-29 09:17:19.7313|1|Microsoft.AspNetCore.Routing.RouteBase|DEBUG|Request successfully matched the route with name 'default' and template '{controller=Home}/{action=Index}/{id?}'. 
2017-03-29 09:17:19.7322|3|Microsoft.AspNetCore.Mvc.Internal.MvcRouteHandler|DEBUG|No actions matched the current request 
2017-03-29 09:17:19.7322|1|Microsoft.AspNetCore.Builder.RouterMiddleware|DEBUG|Request did not match any routes. 
2017-03-29 09:17:19.7322|2|Microsoft.AspNetCore.Hosting.Internal.WebHost|INFO|Request finished in 16.1448ms 404  
2017-03-29 09:17:19.7359|9|Microsoft.AspNetCore.Server.Kestrel|DEBUG|Connection id "0HL3M50OO5HA5" completed keep alive response. 
2017-03-29 09:17:19.7362|9|Microsoft.AspNetCore.Server.Kestrel|DEBUG|Connection id "0HL3M50OO5HA4" completed keep alive response. 
2017-03-29 09:17:19.8459|1|Microsoft.AspNetCore.Hosting.Internal.WebHost|INFO|Request starting HTTP/1.1 GET http://localhost:5000/js/site.js   
2017-03-29 09:17:19.8463|5|Microsoft.AspNetCore.StaticFiles.StaticFileMiddleware|DEBUG|The request path /js/site.js does not match an existing file 
2017-03-29 09:17:19.8473|1|Microsoft.AspNetCore.Routing.RouteBase|DEBUG|Request successfully matched the route with name 'default' and template '{controller=Home}/{action=Index}/{id?}'. 
2017-03-29 09:17:19.8473|3|Microsoft.AspNetCore.Mvc.Internal.MvcRouteHandler|DEBUG|No actions matched the current request 
2017-03-29 09:17:19.8473|1|Microsoft.AspNetCore.Builder.RouterMiddleware|DEBUG|Request did not match any routes. 
2017-03-29 09:17:19.8473|2|Microsoft.AspNetCore.Hosting.Internal.WebHost|INFO|Request finished in 1.9978ms 404  
2017-03-29 09:17:19.8481|9|Microsoft.AspNetCore.Server.Kestrel|DEBUG|Connection id "0HL3M50OO5HA4" completed keep alive response. 
2017-03-29 09:17:19.8893|1|Microsoft.AspNetCore.Hosting.Internal.WebHost|INFO|Request starting HTTP/1.1 GET http://localhost:5000/js/site.min.js   
2017-03-29 09:17:19.8900|5|Microsoft.AspNetCore.StaticFiles.StaticFileMiddleware|DEBUG|The request path /js/site.min.js does not match an existing file 
2017-03-29 09:17:19.8900|1|Microsoft.AspNetCore.Routing.RouteBase|DEBUG|Request successfully matched the route with name 'default' and template '{controller=Home}/{action=Index}/{id?}'. 
2017-03-29 09:17:19.8900|3|Microsoft.AspNetCore.Mvc.Internal.MvcRouteHandler|DEBUG|No actions matched the current request 
2017-03-29 09:17:19.8913|1|Microsoft.AspNetCore.Builder.RouterMiddleware|DEBUG|Request did not match any routes. 
2017-03-29 09:17:19.8913|2|Microsoft.AspNetCore.Hosting.Internal.WebHost|INFO|Request finished in 2.4972ms 404  
2017-03-29 09:17:19.8921|9|Microsoft.AspNetCore.Server.Kestrel|DEBUG|Connection id "0HL3M50OO5HA4" completed keep alive response. 
2017-03-29 09:17:19.9459|1|Microsoft.AspNetCore.Hosting.Internal.WebHost|INFO|Request starting HTTP/1.1 GET http://localhost:5000/js/site.min.js   
2017-03-29 09:17:19.9459|5|Microsoft.AspNetCore.StaticFiles.StaticFileMiddleware|DEBUG|The request path /js/site.min.js does not match an existing file 
2017-03-29 09:17:19.9474|1|Microsoft.AspNetCore.Routing.RouteBase|DEBUG|Request successfully matched the route with name 'default' and template '{controller=Home}/{action=Index}/{id?}'. 
2017-03-29 09:17:19.9474|3|Microsoft.AspNetCore.Mvc.Internal.MvcRouteHandler|DEBUG|No actions matched the current request 
2017-03-29 09:17:19.9474|1|Microsoft.AspNetCore.Builder.RouterMiddleware|DEBUG|Request did not match any routes. 
2017-03-29 09:17:19.9479|2|Microsoft.AspNetCore.Hosting.Internal.WebHost|INFO|Request finished in 1.996ms 404  
2017-03-29 09:17:19.9479|9|Microsoft.AspNetCore.Server.Kestrel|DEBUG|Connection id "0HL3M50OO5HA4" completed keep alive response. 
2017-03-29 09:17:19.9590|1|Microsoft.AspNetCore.Hosting.Internal.WebHost|INFO|Request starting HTTP/1.1 GET http://localhost:5000/js/site.js   
2017-03-29 09:17:19.9590|5|Microsoft.AspNetCore.StaticFiles.StaticFileMiddleware|DEBUG|The request path /js/site.js does not match an existing file 
2017-03-29 09:17:19.9590|1|Microsoft.AspNetCore.Routing.RouteBase|DEBUG|Request successfully matched the route with name 'default' and template '{controller=Home}/{action=Index}/{id?}'. 
2017-03-29 09:17:19.9599|3|Microsoft.AspNetCore.Mvc.Internal.MvcRouteHandler|DEBUG|No actions matched the current request 
2017-03-29 09:17:19.9599|1|Microsoft.AspNetCore.Builder.RouterMiddleware|DEBUG|Request did not match any routes. 
2017-03-29 09:17:19.9599|2|Microsoft.AspNetCore.Hosting.Internal.WebHost|INFO|Request finished in 1.2791ms 404  
2017-03-29 09:17:19.9599|9|Microsoft.AspNetCore.Server.Kestrel|DEBUG|Connection id "0HL3M50OO5HA4" completed keep alive response. 
2017-03-29 09:17:20.1094|1|Microsoft.AspNetCore.Hosting.Internal.WebHost|INFO|Request starting HTTP/1.1 GET http://localhost:5000/js/site.min.js   
2017-03-29 09:17:20.1094|5|Microsoft.AspNetCore.StaticFiles.StaticFileMiddleware|DEBUG|The request path /js/site.min.js does not match an existing file 
2017-03-29 09:17:20.1109|1|Microsoft.AspNetCore.Routing.RouteBase|DEBUG|Request successfully matched the route with name 'default' and template '{controller=Home}/{action=Index}/{id?}'. 
2017-03-29 09:17:20.1111|3|Microsoft.AspNetCore.Mvc.Internal.MvcRouteHandler|DEBUG|No actions matched the current request 
2017-03-29 09:17:20.1111|1|Microsoft.AspNetCore.Builder.RouterMiddleware|DEBUG|Request did not match any routes. 
2017-03-29 09:17:20.1111|2|Microsoft.AspNetCore.Hosting.Internal.WebHost|INFO|Request finished in 2.1782ms 404  
2017-03-29 09:17:20.1111|9|Microsoft.AspNetCore.Server.Kestrel|DEBUG|Connection id "0HL3M50OO5HA4" completed keep alive response. 
2017-03-29 09:19:32.1046|1|Microsoft.AspNetCore.Hosting.Internal.WebHost|INFO|Request starting HTTP/1.1 GET http://localhost:5000/Home/Movies   
2017-03-29 09:19:32.1048|4|Microsoft.AspNetCore.StaticFiles.StaticFileMiddleware|DEBUG|The request path /Home/Movies does not match a supported file type 
2017-03-29 09:19:32.1059|1|Microsoft.AspNetCore.Routing.RouteBase|DEBUG|Request successfully matched the route with name 'default' and template '{controller=Home}/{action=Index}/{id?}'. 
2017-03-29 09:19:32.1086|1|Microsoft.AspNetCore.Mvc.Internal.ControllerActionInvoker|DEBUG|Executing action Movies.Controllers.HomeController.Movies (Movies) 
2017-03-29 09:19:32.1102|1|Microsoft.AspNetCore.Mvc.Internal.ControllerActionInvoker|INFO|Executing action method Movies.Controllers.HomeController.Movies (Movies) with arguments () - ModelState is Valid 
2017-03-29 09:19:32.1120|2|Microsoft.AspNetCore.Mvc.Internal.ControllerActionInvoker|DEBUG|Executed action method Movies.Controllers.HomeController.Movies (Movies), returned result Microsoft.AspNetCore.Mvc.ViewResult. 
2017-03-29 09:19:32.1130|1|Microsoft.AspNetCore.Mvc.Razor.RazorViewEngine|DEBUG|View lookup cache miss for view 'Movies' in controller 'Home'. 
2017-03-29 09:19:32.1130|1|Microsoft.AspNetCore.Mvc.Razor.Internal.RazorCompilationService|DEBUG|Code generation for the Razor file at '/Views/Home/Movies.cshtml' started. 
2017-03-29 09:19:32.1316|2|Microsoft.AspNetCore.Mvc.Razor.Internal.RazorCompilationService|DEBUG|Code generation for the Razor file at '/Views/Home/Movies.cshtml' completed in 17.9529ms. 
2017-03-29 09:19:32.1316|1|Microsoft.AspNetCore.Mvc.Razor.Internal.DefaultRoslynCompilationService|DEBUG|Compilation of the generated code for the Razor file at '/Views/Home/Movies.cshtml' started. 
2017-03-29 09:19:32.1910|2|Microsoft.AspNetCore.Mvc.Razor.Internal.DefaultRoslynCompilationService|DEBUG|Compilation of the generated code for the Razor file at '/Views/Home/Movies.cshtml' completed in 58.9218ms. 
2017-03-29 09:19:32.1918|2|Microsoft.AspNetCore.Mvc.ViewFeatures.Internal.ViewResultExecutor|DEBUG|The view 'Movies' was found. 
2017-03-29 09:19:32.1918|1|Microsoft.AspNetCore.Mvc.ViewFeatures.Internal.ViewResultExecutor|INFO|Executing ViewResult, running view at path /Views/Home/Movies.cshtml. 
2017-03-29 09:19:32.2200|2|Microsoft.AspNetCore.Mvc.Razor.RazorViewEngine|DEBUG|View lookup cache hit for view '_Layout' in controller 'Home'. 
2017-03-29 09:19:32.2215|2|Microsoft.AspNetCore.Mvc.Internal.ControllerActionInvoker|INFO|Executed action Movies.Controllers.HomeController.Movies (Movies) in 112.2842ms 
2017-03-29 09:19:32.2219|2|Microsoft.AspNetCore.Hosting.Internal.WebHost|INFO|Request finished in 117.3844ms 200 text/html; charset=utf-8 
2017-03-29 09:19:32.2219|9|Microsoft.AspNetCore.Server.Kestrel|DEBUG|Connection id "0HL3M50OO5HA4" completed keep alive response. 
2017-03-29 09:19:32.2684|1|Microsoft.AspNetCore.Hosting.Internal.WebHost|INFO|Request starting HTTP/1.1 GET http://localhost:5000/js/site.min.js   
2017-03-29 09:19:32.2689|5|Microsoft.AspNetCore.StaticFiles.StaticFileMiddleware|DEBUG|The request path /js/site.min.js does not match an existing file 
2017-03-29 09:19:32.2689|1|Microsoft.AspNetCore.Routing.RouteBase|DEBUG|Request successfully matched the route with name 'default' and template '{controller=Home}/{action=Index}/{id?}'. 
2017-03-29 09:19:32.2697|3|Microsoft.AspNetCore.Mvc.Internal.MvcRouteHandler|DEBUG|No actions matched the current request 
2017-03-29 09:19:32.2697|1|Microsoft.AspNetCore.Builder.RouterMiddleware|DEBUG|Request did not match any routes. 
2017-03-29 09:19:32.2697|2|Microsoft.AspNetCore.Hosting.Internal.WebHost|INFO|Request finished in 1.9878ms 404  
2017-03-29 09:19:32.2697|9|Microsoft.AspNetCore.Server.Kestrel|DEBUG|Connection id "0HL3M50OO5HA5" completed keep alive response. 
2017-03-29 09:19:32.2709|1|Microsoft.AspNetCore.Hosting.Internal.WebHost|INFO|Request starting HTTP/1.1 GET http://localhost:5000/js/site.js   
2017-03-29 09:19:32.2709|5|Microsoft.AspNetCore.StaticFiles.StaticFileMiddleware|DEBUG|The request path /js/site.js does not match an existing file 
2017-03-29 09:19:32.2709|1|Microsoft.AspNetCore.Routing.RouteBase|DEBUG|Request successfully matched the route with name 'default' and template '{controller=Home}/{action=Index}/{id?}'. 
2017-03-29 09:19:32.2718|3|Microsoft.AspNetCore.Mvc.Internal.MvcRouteHandler|DEBUG|No actions matched the current request 
2017-03-29 09:19:32.2718|1|Microsoft.AspNetCore.Builder.RouterMiddleware|DEBUG|Request did not match any routes. 
2017-03-29 09:19:32.2736|2|Microsoft.AspNetCore.Hosting.Internal.WebHost|INFO|Request finished in 3.1422ms 404  
2017-03-29 09:19:32.2736|9|Microsoft.AspNetCore.Server.Kestrel|DEBUG|Connection id "0HL3M50OO5HA3" completed keep alive response. 
2017-03-29 09:19:32.2736|1|Microsoft.AspNetCore.Hosting.Internal.WebHost|INFO|Request starting HTTP/1.1 GET http://localhost:5000/js/getmovie.js   
2017-03-29 09:19:32.3003|6|Microsoft.AspNetCore.StaticFiles.StaticFileMiddleware|INFO|The file /js/getmovie.js was not modified 
2017-03-29 09:19:32.3106|8|Microsoft.AspNetCore.StaticFiles.StaticFileMiddleware|DEBUG|Handled. Status code: 304 File: /js/getmovie.js 
2017-03-29 09:19:32.3121|2|Microsoft.AspNetCore.Hosting.Internal.WebHost|INFO|Request finished in 38.9936ms 304 application/javascript 
2017-03-29 09:19:32.3121|9|Microsoft.AspNetCore.Server.Kestrel|DEBUG|Connection id "0HL3M50OO5HA4" completed keep alive response. 
2017-03-29 09:19:32.3999|1|Microsoft.AspNetCore.Hosting.Internal.WebHost|INFO|Request starting HTTP/1.1 GET http://localhost:5000/js/site.min.js   
2017-03-29 09:19:32.3999|5|Microsoft.AspNetCore.StaticFiles.StaticFileMiddleware|DEBUG|The request path /js/site.min.js does not match an existing file 
2017-03-29 09:19:32.3999|1|Microsoft.AspNetCore.Routing.RouteBase|DEBUG|Request successfully matched the route with name 'default' and template '{controller=Home}/{action=Index}/{id?}'. 
2017-03-29 09:19:32.3999|3|Microsoft.AspNetCore.Mvc.Internal.MvcRouteHandler|DEBUG|No actions matched the current request 
2017-03-29 09:19:32.3999|1|Microsoft.AspNetCore.Builder.RouterMiddleware|DEBUG|Request did not match any routes. 
2017-03-29 09:19:32.4007|2|Microsoft.AspNetCore.Hosting.Internal.WebHost|INFO|Request finished in 0.8535ms 404  
2017-03-29 09:19:32.4007|9|Microsoft.AspNetCore.Server.Kestrel|DEBUG|Connection id "0HL3M50OO5HA4" completed keep alive response. 
2017-03-29 09:19:32.4052|1|Microsoft.AspNetCore.Hosting.Internal.WebHost|INFO|Request starting HTTP/1.1 GET http://localhost:5000/js/site.js   
2017-03-29 09:19:32.4056|5|Microsoft.AspNetCore.StaticFiles.StaticFileMiddleware|DEBUG|The request path /js/site.js does not match an existing file 
2017-03-29 09:19:32.4056|1|Microsoft.AspNetCore.Routing.RouteBase|DEBUG|Request successfully matched the route with name 'default' and template '{controller=Home}/{action=Index}/{id?}'. 
2017-03-29 09:19:32.4068|3|Microsoft.AspNetCore.Mvc.Internal.MvcRouteHandler|DEBUG|No actions matched the current request 
2017-03-29 09:19:32.4068|1|Microsoft.AspNetCore.Builder.RouterMiddleware|DEBUG|Request did not match any routes. 
2017-03-29 09:19:32.4068|2|Microsoft.AspNetCore.Hosting.Internal.WebHost|INFO|Request finished in 2.3686ms 404  
2017-03-29 09:19:32.4078|9|Microsoft.AspNetCore.Server.Kestrel|DEBUG|Connection id "0HL3M50OO5HA4" completed keep alive response. 
2017-03-29 09:19:32.4127|1|Microsoft.AspNetCore.Hosting.Internal.WebHost|INFO|Request starting HTTP/1.1 GET http://localhost:5000/js/site.min.js   
2017-03-29 09:19:32.4127|5|Microsoft.AspNetCore.StaticFiles.StaticFileMiddleware|DEBUG|The request path /js/site.min.js does not match an existing file 
2017-03-29 09:19:32.4127|1|Microsoft.AspNetCore.Routing.RouteBase|DEBUG|Request successfully matched the route with name 'default' and template '{controller=Home}/{action=Index}/{id?}'. 
2017-03-29 09:19:32.4127|3|Microsoft.AspNetCore.Mvc.Internal.MvcRouteHandler|DEBUG|No actions matched the current request 
2017-03-29 09:19:32.4127|1|Microsoft.AspNetCore.Builder.RouterMiddleware|DEBUG|Request did not match any routes. 
2017-03-29 09:19:32.4137|2|Microsoft.AspNetCore.Hosting.Internal.WebHost|INFO|Request finished in 1.0313ms 404  
2017-03-29 09:19:32.4137|9|Microsoft.AspNetCore.Server.Kestrel|DEBUG|Connection id "0HL3M50OO5HA4" completed keep alive response. 
2017-03-29 09:19:43.6084|1|Microsoft.AspNetCore.Hosting.Internal.WebHost|INFO|Request starting HTTP/1.1 GET http://localhost:5000/Home/Movies   
2017-03-29 09:19:43.6088|4|Microsoft.AspNetCore.StaticFiles.StaticFileMiddleware|DEBUG|The request path /Home/Movies does not match a supported file type 
2017-03-29 09:19:43.6099|1|Microsoft.AspNetCore.Routing.RouteBase|DEBUG|Request successfully matched the route with name 'default' and template '{controller=Home}/{action=Index}/{id?}'. 
2017-03-29 09:19:43.6099|1|Microsoft.AspNetCore.Mvc.Internal.ControllerActionInvoker|DEBUG|Executing action Movies.Controllers.HomeController.Movies (Movies) 
2017-03-29 09:19:43.6107|1|Microsoft.AspNetCore.Mvc.Internal.ControllerActionInvoker|INFO|Executing action method Movies.Controllers.HomeController.Movies (Movies) with arguments () - ModelState is Valid 
2017-03-29 09:19:43.6107|2|Microsoft.AspNetCore.Mvc.Internal.ControllerActionInvoker|DEBUG|Executed action method Movies.Controllers.HomeController.Movies (Movies), returned result Microsoft.AspNetCore.Mvc.ViewResult. 
2017-03-29 09:19:43.6114|2|Microsoft.AspNetCore.Mvc.Razor.RazorViewEngine|DEBUG|View lookup cache hit for view 'Movies' in controller 'Home'. 
2017-03-29 09:19:43.6114|2|Microsoft.AspNetCore.Mvc.ViewFeatures.Internal.ViewResultExecutor|DEBUG|The view 'Movies' was found. 
2017-03-29 09:19:43.6114|1|Microsoft.AspNetCore.Mvc.ViewFeatures.Internal.ViewResultExecutor|INFO|Executing ViewResult, running view at path /Views/Home/Movies.cshtml. 
2017-03-29 09:19:43.6114|2|Microsoft.AspNetCore.Mvc.Razor.RazorViewEngine|DEBUG|View lookup cache hit for view '_Layout' in controller 'Home'. 
2017-03-29 09:19:43.6129|2|Microsoft.AspNetCore.Mvc.Internal.ControllerActionInvoker|INFO|Executed action Movies.Controllers.HomeController.Movies (Movies) in 2.3876ms 
2017-03-29 09:19:43.6129|2|Microsoft.AspNetCore.Hosting.Internal.WebHost|INFO|Request finished in 4.8745ms 200 text/html; charset=utf-8 
2017-03-29 09:19:43.6135|9|Microsoft.AspNetCore.Server.Kestrel|DEBUG|Connection id "0HL3M50OO5HA4" completed keep alive response. 
2017-03-29 09:19:43.6638|1|Microsoft.AspNetCore.Hosting.Internal.WebHost|INFO|Request starting HTTP/1.1 GET http://localhost:5000/css/movie-list.css   
2017-03-29 09:19:43.6654|2|Microsoft.AspNetCore.StaticFiles.StaticFileMiddleware|INFO|Sending file. Request path: '/css/movie-list.css'. Physical path: '/Users/Jezza/Documents/MoviesExtra/src/Movies/wwwroot/css/movie-list.css' 
2017-03-29 09:19:43.6685|1|Microsoft.AspNetCore.Hosting.Internal.WebHost|INFO|Request starting HTTP/1.1 GET http://localhost:5000/css/main.css   
2017-03-29 09:19:43.6685|2|Microsoft.AspNetCore.StaticFiles.StaticFileMiddleware|INFO|Sending file. Request path: '/css/main.css'. Physical path: '/Users/Jezza/Documents/MoviesExtra/src/Movies/wwwroot/css/main.css' 
2017-03-29 09:19:43.6695|1|Microsoft.AspNetCore.Hosting.Internal.WebHost|INFO|Request starting HTTP/1.1 GET http://localhost:5000/fonts/fontawesome-webfont.eot   
2017-03-29 09:19:43.6832|1|Microsoft.AspNetCore.Server.Kestrel|DEBUG|Connection id "0HL3M50OO5HA6" started. 
2017-03-29 09:19:43.6947|1|Microsoft.AspNetCore.Server.Kestrel|DEBUG|Connection id "0HL3M50OO5HA7" started. 
2017-03-29 09:19:43.7014|1|Microsoft.AspNetCore.Server.Kestrel|DEBUG|Connection id "0HL3M50OO5HA8" started. 
2017-03-29 09:19:43.7134|2|Microsoft.AspNetCore.StaticFiles.StaticFileMiddleware|INFO|Sending file. Request path: '/fonts/fontawesome-webfont.eot'. Physical path: '/Users/Jezza/Documents/MoviesExtra/src/Movies/wwwroot/fonts/fontawesome-webfont.eot' 
2017-03-29 09:19:43.7134|1|Microsoft.AspNetCore.Hosting.Internal.WebHost|INFO|Request starting HTTP/1.1 GET http://localhost:5000/fonts/fontawesome-webfont.ttf   
2017-03-29 09:19:43.7148|2|Microsoft.AspNetCore.StaticFiles.StaticFileMiddleware|INFO|Sending file. Request path: '/fonts/fontawesome-webfont.ttf'. Physical path: '/Users/Jezza/Documents/MoviesExtra/src/Movies/wwwroot/fonts/fontawesome-webfont.ttf' 
2017-03-29 09:19:43.7148|2|Microsoft.AspNetCore.Hosting.Internal.WebHost|INFO|Request finished in 25.5731ms 200 text/css 
2017-03-29 09:19:43.7155|9|Microsoft.AspNetCore.Server.Kestrel|DEBUG|Connection id "0HL3M50OO5HA3" completed keep alive response. 
2017-03-29 09:19:43.7155|2|Microsoft.AspNetCore.Hosting.Internal.WebHost|INFO|Request finished in 30.1911ms 200 text/css 
2017-03-29 09:19:43.7155|9|Microsoft.AspNetCore.Server.Kestrel|DEBUG|Connection id "0HL3M50OO5HA4" completed keep alive response. 
2017-03-29 09:19:43.7148|2|Microsoft.AspNetCore.Hosting.Internal.WebHost|INFO|Request finished in 45.868ms 200 application/vnd.ms-fontobject 
2017-03-29 09:19:43.7175|9|Microsoft.AspNetCore.Server.Kestrel|DEBUG|Connection id "0HL3M50OO5HA5" completed keep alive response. 
2017-03-29 09:19:43.7275|2|Microsoft.AspNetCore.Hosting.Internal.WebHost|INFO|Request finished in 13.7237ms 200 application/x-font-ttf 
2017-03-29 09:19:43.7275|9|Microsoft.AspNetCore.Server.Kestrel|DEBUG|Connection id "0HL3M50OO5HA7" completed keep alive response. 
2017-03-29 09:19:43.7288|1|Microsoft.AspNetCore.Hosting.Internal.WebHost|INFO|Request starting HTTP/1.1 GET http://localhost:5000/fonts/fontawesome-webfont.svg   
2017-03-29 09:19:43.7295|2|Microsoft.AspNetCore.StaticFiles.StaticFileMiddleware|INFO|Sending file. Request path: '/fonts/fontawesome-webfont.svg'. Physical path: '/Users/Jezza/Documents/MoviesExtra/src/Movies/wwwroot/fonts/fontawesome-webfont.svg' 
2017-03-29 09:19:43.7295|1|Microsoft.AspNetCore.Hosting.Internal.WebHost|INFO|Request starting HTTP/1.1 GET http://localhost:5000/fonts/fontawesome-webfont.woff   
2017-03-29 09:19:43.7310|2|Microsoft.AspNetCore.StaticFiles.StaticFileMiddleware|INFO|Sending file. Request path: '/fonts/fontawesome-webfont.woff'. Physical path: '/Users/Jezza/Documents/MoviesExtra/src/Movies/wwwroot/fonts/fontawesome-webfont.woff' 
2017-03-29 09:19:43.7329|2|Microsoft.AspNetCore.Hosting.Internal.WebHost|INFO|Request finished in 23.8708ms 200 application/font-woff 
2017-03-29 09:19:43.7329|9|Microsoft.AspNetCore.Server.Kestrel|DEBUG|Connection id "0HL3M50OO5HA8" completed keep alive response. 
2017-03-29 09:19:43.7335|2|Microsoft.AspNetCore.Hosting.Internal.WebHost|INFO|Request finished in 35.6507ms 200 image/svg+xml 
2017-03-29 09:19:43.7335|9|Microsoft.AspNetCore.Server.Kestrel|DEBUG|Connection id "0HL3M50OO5HA6" completed keep alive response. 
2017-03-29 09:19:43.8087|1|Microsoft.AspNetCore.Hosting.Internal.WebHost|INFO|Request starting HTTP/1.1 GET http://localhost:5000/fonts/fontawesome-webfont.woff2   
2017-03-29 09:19:43.8087|2|Microsoft.AspNetCore.StaticFiles.StaticFileMiddleware|INFO|Sending file. Request path: '/fonts/fontawesome-webfont.woff2'. Physical path: '/Users/Jezza/Documents/MoviesExtra/src/Movies/wwwroot/fonts/fontawesome-webfont.woff2' 
2017-03-29 09:19:43.8107|2|Microsoft.AspNetCore.Hosting.Internal.WebHost|INFO|Request finished in 1.9793ms 200 application/font-woff2 
2017-03-29 09:19:43.8107|9|Microsoft.AspNetCore.Server.Kestrel|DEBUG|Connection id "0HL3M50OO5HA4" completed keep alive response. 
2017-03-29 09:19:43.8185|1|Microsoft.AspNetCore.Hosting.Internal.WebHost|INFO|Request starting HTTP/1.1 GET http://localhost:5000/fonts/FontAwesome.otf   
2017-03-29 09:19:43.8185|2|Microsoft.AspNetCore.StaticFiles.StaticFileMiddleware|INFO|Sending file. Request path: '/fonts/FontAwesome.otf'. Physical path: '/Users/Jezza/Documents/MoviesExtra/src/Movies/wwwroot/fonts/FontAwesome.otf' 
2017-03-29 09:19:43.8208|2|Microsoft.AspNetCore.Hosting.Internal.WebHost|INFO|Request finished in 2.0971ms 200 font/otf 
2017-03-29 09:19:43.8217|9|Microsoft.AspNetCore.Server.Kestrel|DEBUG|Connection id "0HL3M50OO5HA3" completed keep alive response. 
2017-03-29 09:19:43.8288|1|Microsoft.AspNetCore.Hosting.Internal.WebHost|INFO|Request starting HTTP/1.1 GET http://localhost:5000/js/jquery.min.js   
2017-03-29 09:19:43.8288|2|Microsoft.AspNetCore.StaticFiles.StaticFileMiddleware|INFO|Sending file. Request path: '/js/jquery.min.js'. Physical path: '/Users/Jezza/Documents/MoviesExtra/src/Movies/wwwroot/js/jquery.min.js' 
2017-03-29 09:19:43.8320|2|Microsoft.AspNetCore.Hosting.Internal.WebHost|INFO|Request finished in 3.1356ms 200 application/javascript 
2017-03-29 09:19:43.8320|9|Microsoft.AspNetCore.Server.Kestrel|DEBUG|Connection id "0HL3M50OO5HA5" completed keep alive response. 
2017-03-29 09:19:43.8409|1|Microsoft.AspNetCore.Hosting.Internal.WebHost|INFO|Request starting HTTP/1.1 GET http://localhost:5000/js/jquery.scrollex.min.js   
2017-03-29 09:19:43.8415|2|Microsoft.AspNetCore.StaticFiles.StaticFileMiddleware|INFO|Sending file. Request path: '/js/jquery.scrollex.min.js'. Physical path: '/Users/Jezza/Documents/MoviesExtra/src/Movies/wwwroot/js/jquery.scrollex.min.js' 
2017-03-29 09:19:43.8415|2|Microsoft.AspNetCore.Hosting.Internal.WebHost|INFO|Request finished in 1.3762ms 200 application/javascript 
2017-03-29 09:19:43.8427|9|Microsoft.AspNetCore.Server.Kestrel|DEBUG|Connection id "0HL3M50OO5HA7" completed keep alive response. 
2017-03-29 09:19:43.8552|1|Microsoft.AspNetCore.Hosting.Internal.WebHost|INFO|Request starting HTTP/1.1 GET http://localhost:5000/js/jquery.scrolly.min.js   
2017-03-29 09:19:43.8559|2|Microsoft.AspNetCore.StaticFiles.StaticFileMiddleware|INFO|Sending file. Request path: '/js/jquery.scrolly.min.js'. Physical path: '/Users/Jezza/Documents/MoviesExtra/src/Movies/wwwroot/js/jquery.scrolly.min.js' 
2017-03-29 09:19:43.8566|2|Microsoft.AspNetCore.Hosting.Internal.WebHost|INFO|Request finished in 1.3831ms 200 application/javascript 
2017-03-29 09:19:43.8566|9|Microsoft.AspNetCore.Server.Kestrel|DEBUG|Connection id "0HL3M50OO5HA6" completed keep alive response. 
2017-03-29 09:19:43.8646|1|Microsoft.AspNetCore.Hosting.Internal.WebHost|INFO|Request starting HTTP/1.1 GET http://localhost:5000/js/skel.min.js   
2017-03-29 09:19:43.8646|2|Microsoft.AspNetCore.StaticFiles.StaticFileMiddleware|INFO|Sending file. Request path: '/js/skel.min.js'. Physical path: '/Users/Jezza/Documents/MoviesExtra/src/Movies/wwwroot/js/skel.min.js' 
2017-03-29 09:19:43.8661|2|Microsoft.AspNetCore.Hosting.Internal.WebHost|INFO|Request finished in 1.498ms 200 application/javascript 
2017-03-29 09:19:43.8661|9|Microsoft.AspNetCore.Server.Kestrel|DEBUG|Connection id "0HL3M50OO5HA8" completed keep alive response. 
2017-03-29 09:19:43.8787|1|Microsoft.AspNetCore.Hosting.Internal.WebHost|INFO|Request starting HTTP/1.1 GET http://localhost:5000/js/getmovie.js   
2017-03-29 09:19:43.8787|2|Microsoft.AspNetCore.StaticFiles.StaticFileMiddleware|INFO|Sending file. Request path: '/js/getmovie.js'. Physical path: '/Users/Jezza/Documents/MoviesExtra/src/Movies/wwwroot/js/getmovie.js' 
2017-03-29 09:19:43.8800|2|Microsoft.AspNetCore.Hosting.Internal.WebHost|INFO|Request finished in 1.316ms 200 application/javascript 
2017-03-29 09:19:43.8800|9|Microsoft.AspNetCore.Server.Kestrel|DEBUG|Connection id "0HL3M50OO5HA4" completed keep alive response. 
2017-03-29 09:19:43.8924|1|Microsoft.AspNetCore.Hosting.Internal.WebHost|INFO|Request starting HTTP/1.1 GET http://localhost:5000/js/util.js   
2017-03-29 09:19:43.8932|2|Microsoft.AspNetCore.StaticFiles.StaticFileMiddleware|INFO|Sending file. Request path: '/js/util.js'. Physical path: '/Users/Jezza/Documents/MoviesExtra/src/Movies/wwwroot/js/util.js' 
2017-03-29 09:19:43.8941|2|Microsoft.AspNetCore.Hosting.Internal.WebHost|INFO|Request finished in 1.7716ms 200 application/javascript 
2017-03-29 09:19:43.8941|9|Microsoft.AspNetCore.Server.Kestrel|DEBUG|Connection id "0HL3M50OO5HA3" completed keep alive response. 
2017-03-29 09:19:43.9131|1|Microsoft.AspNetCore.Hosting.Internal.WebHost|INFO|Request starting HTTP/1.1 GET http://localhost:5000/js/site.min.js   
2017-03-29 09:19:43.9135|5|Microsoft.AspNetCore.StaticFiles.StaticFileMiddleware|DEBUG|The request path /js/site.min.js does not match an existing file 
2017-03-29 09:19:43.9135|1|Microsoft.AspNetCore.Routing.RouteBase|DEBUG|Request successfully matched the route with name 'default' and template '{controller=Home}/{action=Index}/{id?}'. 
2017-03-29 09:19:43.9135|3|Microsoft.AspNetCore.Mvc.Internal.MvcRouteHandler|DEBUG|No actions matched the current request 
2017-03-29 09:19:43.9135|1|Microsoft.AspNetCore.Builder.RouterMiddleware|DEBUG|Request did not match any routes. 
2017-03-29 09:19:43.9135|2|Microsoft.AspNetCore.Hosting.Internal.WebHost|INFO|Request finished in 1.3048ms 404  
2017-03-29 09:19:43.9146|9|Microsoft.AspNetCore.Server.Kestrel|DEBUG|Connection id "0HL3M50OO5HA5" completed keep alive response. 
2017-03-29 09:19:43.9231|1|Microsoft.AspNetCore.Hosting.Internal.WebHost|INFO|Request starting HTTP/1.1 GET http://localhost:5000/js/main.js   
2017-03-29 09:19:43.9235|2|Microsoft.AspNetCore.StaticFiles.StaticFileMiddleware|INFO|Sending file. Request path: '/js/main.js'. Physical path: '/Users/Jezza/Documents/MoviesExtra/src/Movies/wwwroot/js/main.js' 
2017-03-29 09:19:43.9235|2|Microsoft.AspNetCore.Hosting.Internal.WebHost|INFO|Request finished in 1.1418ms 200 application/javascript 
2017-03-29 09:19:43.9246|9|Microsoft.AspNetCore.Server.Kestrel|DEBUG|Connection id "0HL3M50OO5HA7" completed keep alive response. 
2017-03-29 09:19:43.9298|1|Microsoft.AspNetCore.Hosting.Internal.WebHost|INFO|Request starting HTTP/1.1 GET http://localhost:5000/js/site.js   
2017-03-29 09:19:43.9298|5|Microsoft.AspNetCore.StaticFiles.StaticFileMiddleware|DEBUG|The request path /js/site.js does not match an existing file 
2017-03-29 09:19:43.9308|1|Microsoft.AspNetCore.Routing.RouteBase|DEBUG|Request successfully matched the route with name 'default' and template '{controller=Home}/{action=Index}/{id?}'. 
2017-03-29 09:19:43.9308|3|Microsoft.AspNetCore.Mvc.Internal.MvcRouteHandler|DEBUG|No actions matched the current request 
2017-03-29 09:19:43.9314|1|Microsoft.AspNetCore.Builder.RouterMiddleware|DEBUG|Request did not match any routes. 
2017-03-29 09:19:43.9314|2|Microsoft.AspNetCore.Hosting.Internal.WebHost|INFO|Request finished in 2.0215ms 404  
2017-03-29 09:19:43.9314|9|Microsoft.AspNetCore.Server.Kestrel|DEBUG|Connection id "0HL3M50OO5HA6" completed keep alive response. 
2017-03-29 09:19:43.9573|1|Microsoft.AspNetCore.Hosting.Internal.WebHost|INFO|Request starting HTTP/1.1 GET http://localhost:5000/css/font-awesome.min.css   
2017-03-29 09:19:43.9578|2|Microsoft.AspNetCore.StaticFiles.StaticFileMiddleware|INFO|Sending file. Request path: '/css/font-awesome.min.css'. Physical path: '/Users/Jezza/Documents/MoviesExtra/src/Movies/wwwroot/css/font-awesome.min.css' 
2017-03-29 09:19:43.9587|2|Microsoft.AspNetCore.Hosting.Internal.WebHost|INFO|Request finished in 1.39ms 200 text/css 
2017-03-29 09:19:43.9587|9|Microsoft.AspNetCore.Server.Kestrel|DEBUG|Connection id "0HL3M50OO5HA8" completed keep alive response. 
2017-03-29 09:19:44.3603|1|Microsoft.AspNetCore.Hosting.Internal.WebHost|INFO|Request starting HTTP/1.1 GET http://localhost:5000/js/site.min.js   
2017-03-29 09:19:44.3609|5|Microsoft.AspNetCore.StaticFiles.StaticFileMiddleware|DEBUG|The request path /js/site.min.js does not match an existing file 
2017-03-29 09:19:44.3629|1|Microsoft.AspNetCore.Routing.RouteBase|DEBUG|Request successfully matched the route with name 'default' and template '{controller=Home}/{action=Index}/{id?}'. 
2017-03-29 09:19:44.3629|3|Microsoft.AspNetCore.Mvc.Internal.MvcRouteHandler|DEBUG|No actions matched the current request 
2017-03-29 09:19:44.3629|1|Microsoft.AspNetCore.Builder.RouterMiddleware|DEBUG|Request did not match any routes. 
2017-03-29 09:19:44.3638|2|Microsoft.AspNetCore.Hosting.Internal.WebHost|INFO|Request finished in 3.5349ms 404  
2017-03-29 09:19:44.3638|9|Microsoft.AspNetCore.Server.Kestrel|DEBUG|Connection id "0HL3M50OO5HA8" completed keep alive response. 
2017-03-29 09:19:44.3750|1|Microsoft.AspNetCore.Hosting.Internal.WebHost|INFO|Request starting HTTP/1.1 GET http://localhost:5000/css/images/bars.svg   
2017-03-29 09:19:44.3755|2|Microsoft.AspNetCore.StaticFiles.StaticFileMiddleware|INFO|Sending file. Request path: '/css/images/bars.svg'. Physical path: '/Users/Jezza/Documents/MoviesExtra/src/Movies/wwwroot/css/images/bars.svg' 
2017-03-29 09:19:44.3767|2|Microsoft.AspNetCore.Hosting.Internal.WebHost|INFO|Request finished in 1.7202ms 200 image/svg+xml 
2017-03-29 09:19:44.3767|9|Microsoft.AspNetCore.Server.Kestrel|DEBUG|Connection id "0HL3M50OO5HA6" completed keep alive response. 
2017-03-29 09:19:44.3956|1|Microsoft.AspNetCore.Hosting.Internal.WebHost|INFO|Request starting HTTP/1.1 GET http://localhost:5000/js/site.js   
2017-03-29 09:19:44.3956|5|Microsoft.AspNetCore.StaticFiles.StaticFileMiddleware|DEBUG|The request path /js/site.js does not match an existing file 
2017-03-29 09:19:44.3956|1|Microsoft.AspNetCore.Routing.RouteBase|DEBUG|Request successfully matched the route with name 'default' and template '{controller=Home}/{action=Index}/{id?}'. 
2017-03-29 09:19:44.3967|3|Microsoft.AspNetCore.Mvc.Internal.MvcRouteHandler|DEBUG|No actions matched the current request 
2017-03-29 09:19:44.3967|1|Microsoft.AspNetCore.Builder.RouterMiddleware|DEBUG|Request did not match any routes. 
2017-03-29 09:19:44.3967|2|Microsoft.AspNetCore.Hosting.Internal.WebHost|INFO|Request finished in 1.7237ms 404  
2017-03-29 09:19:44.3976|9|Microsoft.AspNetCore.Server.Kestrel|DEBUG|Connection id "0HL3M50OO5HA6" completed keep alive response. 
2017-03-29 09:19:44.4182|1|Microsoft.AspNetCore.Hosting.Internal.WebHost|INFO|Request starting HTTP/1.1 GET http://localhost:5000/js/site.min.js   
2017-03-29 09:19:44.4190|5|Microsoft.AspNetCore.StaticFiles.StaticFileMiddleware|DEBUG|The request path /js/site.min.js does not match an existing file 
2017-03-29 09:19:44.4190|1|Microsoft.AspNetCore.Routing.RouteBase|DEBUG|Request successfully matched the route with name 'default' and template '{controller=Home}/{action=Index}/{id?}'. 
2017-03-29 09:19:44.4197|3|Microsoft.AspNetCore.Mvc.Internal.MvcRouteHandler|DEBUG|No actions matched the current request 
2017-03-29 09:19:44.4197|1|Microsoft.AspNetCore.Builder.RouterMiddleware|DEBUG|Request did not match any routes. 
2017-03-29 09:19:44.4205|2|Microsoft.AspNetCore.Hosting.Internal.WebHost|INFO|Request finished in 2.3352ms 404  
2017-03-29 09:19:44.4205|9|Microsoft.AspNetCore.Server.Kestrel|DEBUG|Connection id "0HL3M50OO5HA6" completed keep alive response. 
2017-03-29 09:19:44.4755|1|Microsoft.AspNetCore.Hosting.Internal.WebHost|INFO|Request starting HTTP/1.1 GET http://localhost:5000/css/images/close.svg   
2017-03-29 09:19:44.4755|2|Microsoft.AspNetCore.StaticFiles.StaticFileMiddleware|INFO|Sending file. Request path: '/css/images/close.svg'. Physical path: '/Users/Jezza/Documents/MoviesExtra/src/Movies/wwwroot/css/images/close.svg' 
2017-03-29 09:19:44.4776|2|Microsoft.AspNetCore.Hosting.Internal.WebHost|INFO|Request finished in 2.0854ms 200 image/svg+xml 
2017-03-29 09:19:44.4776|9|Microsoft.AspNetCore.Server.Kestrel|DEBUG|Connection id "0HL3M50OO5HA6" completed keep alive response. 
2017-03-29 09:19:53.4219|1|Microsoft.AspNetCore.Hosting.Internal.WebHost|INFO|Request starting HTTP/1.1 GET http://localhost:5000/   
2017-03-29 09:19:53.4228|4|Microsoft.AspNetCore.StaticFiles.StaticFileMiddleware|DEBUG|The request path / does not match a supported file type 
2017-03-29 09:19:53.4234|1|Microsoft.AspNetCore.Routing.RouteBase|DEBUG|Request successfully matched the route with name 'default' and template '{controller=Home}/{action=Index}/{id?}'. 
2017-03-29 09:19:53.4234|1|Microsoft.AspNetCore.Mvc.Internal.ControllerActionInvoker|DEBUG|Executing action Movies.Controllers.HomeController.Index (Movies) 
2017-03-29 09:19:53.4234|1|Microsoft.AspNetCore.Mvc.Internal.ControllerActionInvoker|INFO|Executing action method Movies.Controllers.HomeController.Index (Movies) with arguments () - ModelState is Valid 
2017-03-29 09:19:53.4234|2|Microsoft.AspNetCore.Mvc.Internal.ControllerActionInvoker|DEBUG|Executed action method Movies.Controllers.HomeController.Index (Movies), returned result Microsoft.AspNetCore.Mvc.ViewResult. 
2017-03-29 09:19:53.4234|2|Microsoft.AspNetCore.Mvc.Razor.RazorViewEngine|DEBUG|View lookup cache hit for view 'Index' in controller 'Home'. 
2017-03-29 09:19:53.4242|2|Microsoft.AspNetCore.Mvc.ViewFeatures.Internal.ViewResultExecutor|DEBUG|The view 'Index' was found. 
2017-03-29 09:19:53.4242|1|Microsoft.AspNetCore.Mvc.ViewFeatures.Internal.ViewResultExecutor|INFO|Executing ViewResult, running view at path /Views/Home/Index.cshtml. 
2017-03-29 09:19:53.4242|2|Microsoft.AspNetCore.Mvc.Razor.RazorViewEngine|DEBUG|View lookup cache hit for view '_Layout' in controller 'Home'. 
2017-03-29 09:19:53.4251|2|Microsoft.AspNetCore.Mvc.Internal.ControllerActionInvoker|INFO|Executed action Movies.Controllers.HomeController.Index (Movies) in 1.3319ms 
2017-03-29 09:19:53.4251|2|Microsoft.AspNetCore.Hosting.Internal.WebHost|INFO|Request finished in 3.5235ms 200 text/html; charset=utf-8 
2017-03-29 09:19:53.4251|9|Microsoft.AspNetCore.Server.Kestrel|DEBUG|Connection id "0HL3M50OO5HA6" completed keep alive response. 
2017-03-29 09:19:53.4887|1|Microsoft.AspNetCore.Hosting.Internal.WebHost|INFO|Request starting HTTP/1.1 GET http://localhost:5000/js/site.js   
2017-03-29 09:19:53.4887|5|Microsoft.AspNetCore.StaticFiles.StaticFileMiddleware|DEBUG|The request path /js/site.js does not match an existing file 
2017-03-29 09:19:53.4894|1|Microsoft.AspNetCore.Routing.RouteBase|DEBUG|Request successfully matched the route with name 'default' and template '{controller=Home}/{action=Index}/{id?}'. 
2017-03-29 09:19:53.4894|3|Microsoft.AspNetCore.Mvc.Internal.MvcRouteHandler|DEBUG|No actions matched the current request 
2017-03-29 09:19:53.4894|1|Microsoft.AspNetCore.Builder.RouterMiddleware|DEBUG|Request did not match any routes. 
2017-03-29 09:19:53.4894|2|Microsoft.AspNetCore.Hosting.Internal.WebHost|INFO|Request finished in 1.4473ms 404  
2017-03-29 09:19:53.4903|9|Microsoft.AspNetCore.Server.Kestrel|DEBUG|Connection id "0HL3M50OO5HA6" completed keep alive response. 
2017-03-29 09:19:53.4939|1|Microsoft.AspNetCore.Hosting.Internal.WebHost|INFO|Request starting HTTP/1.1 GET http://localhost:5000/js/site.min.js   
2017-03-29 09:19:53.4943|5|Microsoft.AspNetCore.StaticFiles.StaticFileMiddleware|DEBUG|The request path /js/site.min.js does not match an existing file 
2017-03-29 09:19:53.4943|1|Microsoft.AspNetCore.Routing.RouteBase|DEBUG|Request successfully matched the route with name 'default' and template '{controller=Home}/{action=Index}/{id?}'. 
2017-03-29 09:19:53.4943|3|Microsoft.AspNetCore.Mvc.Internal.MvcRouteHandler|DEBUG|No actions matched the current request 
2017-03-29 09:19:53.4953|1|Microsoft.AspNetCore.Builder.RouterMiddleware|DEBUG|Request did not match any routes. 
2017-03-29 09:19:53.4953|2|Microsoft.AspNetCore.Hosting.Internal.WebHost|INFO|Request finished in 1.7442ms 404  
2017-03-29 09:19:53.4953|9|Microsoft.AspNetCore.Server.Kestrel|DEBUG|Connection id "0HL3M50OO5HA8" completed keep alive response. 
2017-03-29 09:19:53.5970|1|Microsoft.AspNetCore.Hosting.Internal.WebHost|INFO|Request starting HTTP/1.1 GET http://localhost:5000/js/site.js   
2017-03-29 09:19:53.5973|5|Microsoft.AspNetCore.StaticFiles.StaticFileMiddleware|DEBUG|The request path /js/site.js does not match an existing file 
2017-03-29 09:19:53.5973|1|Microsoft.AspNetCore.Routing.RouteBase|DEBUG|Request successfully matched the route with name 'default' and template '{controller=Home}/{action=Index}/{id?}'. 
2017-03-29 09:19:53.5973|3|Microsoft.AspNetCore.Mvc.Internal.MvcRouteHandler|DEBUG|No actions matched the current request 
2017-03-29 09:19:53.5973|1|Microsoft.AspNetCore.Builder.RouterMiddleware|DEBUG|Request did not match any routes. 
2017-03-29 09:19:53.5973|2|Microsoft.AspNetCore.Hosting.Internal.WebHost|INFO|Request finished in 1.0666ms 404  
2017-03-29 09:19:53.5982|9|Microsoft.AspNetCore.Server.Kestrel|DEBUG|Connection id "0HL3M50OO5HA8" completed keep alive response. 
2017-03-29 09:19:53.6162|1|Microsoft.AspNetCore.Hosting.Internal.WebHost|INFO|Request starting HTTP/1.1 GET http://localhost:5000/js/site.min.js   
2017-03-29 09:19:53.6166|5|Microsoft.AspNetCore.StaticFiles.StaticFileMiddleware|DEBUG|The request path /js/site.min.js does not match an existing file 
2017-03-29 09:19:53.6166|1|Microsoft.AspNetCore.Routing.RouteBase|DEBUG|Request successfully matched the route with name 'default' and template '{controller=Home}/{action=Index}/{id?}'. 
2017-03-29 09:19:53.6166|3|Microsoft.AspNetCore.Mvc.Internal.MvcRouteHandler|DEBUG|No actions matched the current request 
2017-03-29 09:19:53.6166|1|Microsoft.AspNetCore.Builder.RouterMiddleware|DEBUG|Request did not match any routes. 
2017-03-29 09:19:53.6172|2|Microsoft.AspNetCore.Hosting.Internal.WebHost|INFO|Request finished in 1.0988ms 404  
2017-03-29 09:19:53.6172|9|Microsoft.AspNetCore.Server.Kestrel|DEBUG|Connection id "0HL3M50OO5HA8" completed keep alive response. 
2017-03-29 09:19:53.6688|1|Microsoft.AspNetCore.Hosting.Internal.WebHost|INFO|Request starting HTTP/1.1 GET http://localhost:5000/js/site.min.js   
2017-03-29 09:19:53.6692|5|Microsoft.AspNetCore.StaticFiles.StaticFileMiddleware|DEBUG|The request path /js/site.min.js does not match an existing file 
2017-03-29 09:19:53.6692|1|Microsoft.AspNetCore.Routing.RouteBase|DEBUG|Request successfully matched the route with name 'default' and template '{controller=Home}/{action=Index}/{id?}'. 
2017-03-29 09:19:53.6692|3|Microsoft.AspNetCore.Mvc.Internal.MvcRouteHandler|DEBUG|No actions matched the current request 
2017-03-29 09:19:53.6692|1|Microsoft.AspNetCore.Builder.RouterMiddleware|DEBUG|Request did not match any routes. 
2017-03-29 09:19:53.6692|2|Microsoft.AspNetCore.Hosting.Internal.WebHost|INFO|Request finished in 1.2163ms 404  
2017-03-29 09:19:53.6692|9|Microsoft.AspNetCore.Server.Kestrel|DEBUG|Connection id "0HL3M50OO5HA8" completed keep alive response. 
2017-03-29 09:19:53.6855|1|Microsoft.AspNetCore.Hosting.Internal.WebHost|INFO|Request starting HTTP/1.1 GET http://localhost:5000/js/site.js   
2017-03-29 09:19:53.6855|5|Microsoft.AspNetCore.StaticFiles.StaticFileMiddleware|DEBUG|The request path /js/site.js does not match an existing file 
2017-03-29 09:19:53.6855|1|Microsoft.AspNetCore.Routing.RouteBase|DEBUG|Request successfully matched the route with name 'default' and template '{controller=Home}/{action=Index}/{id?}'. 
2017-03-29 09:19:53.6863|3|Microsoft.AspNetCore.Mvc.Internal.MvcRouteHandler|DEBUG|No actions matched the current request 
2017-03-29 09:19:53.6863|1|Microsoft.AspNetCore.Builder.RouterMiddleware|DEBUG|Request did not match any routes. 
2017-03-29 09:19:53.6863|2|Microsoft.AspNetCore.Hosting.Internal.WebHost|INFO|Request finished in 1.1173ms 404  
2017-03-29 09:19:53.6863|9|Microsoft.AspNetCore.Server.Kestrel|DEBUG|Connection id "0HL3M50OO5HA8" completed keep alive response. 
2017-03-29 09:19:53.7155|1|Microsoft.AspNetCore.Hosting.Internal.WebHost|INFO|Request starting HTTP/1.1 GET http://localhost:5000/js/site.min.js   
2017-03-29 09:19:53.7155|5|Microsoft.AspNetCore.StaticFiles.StaticFileMiddleware|DEBUG|The request path /js/site.min.js does not match an existing file 
2017-03-29 09:19:53.7155|1|Microsoft.AspNetCore.Routing.RouteBase|DEBUG|Request successfully matched the route with name 'default' and template '{controller=Home}/{action=Index}/{id?}'. 
2017-03-29 09:19:53.7162|3|Microsoft.AspNetCore.Mvc.Internal.MvcRouteHandler|DEBUG|No actions matched the current request 
2017-03-29 09:19:53.7162|1|Microsoft.AspNetCore.Builder.RouterMiddleware|DEBUG|Request did not match any routes. 
2017-03-29 09:19:53.7162|2|Microsoft.AspNetCore.Hosting.Internal.WebHost|INFO|Request finished in 1.0684ms 404  
2017-03-29 09:19:53.7162|9|Microsoft.AspNetCore.Server.Kestrel|DEBUG|Connection id "0HL3M50OO5HA8" completed keep alive response. 
2017-03-29 09:20:00.7172|1|Microsoft.AspNetCore.Hosting.Internal.WebHost|INFO|Request starting HTTP/1.1 GET http://localhost:5000/   
2017-03-29 09:20:00.7172|4|Microsoft.AspNetCore.StaticFiles.StaticFileMiddleware|DEBUG|The request path / does not match a supported file type 
2017-03-29 09:20:00.7188|1|Microsoft.AspNetCore.Routing.RouteBase|DEBUG|Request successfully matched the route with name 'default' and template '{controller=Home}/{action=Index}/{id?}'. 
2017-03-29 09:20:00.7421|1|Microsoft.AspNetCore.Mvc.Internal.ControllerActionInvoker|DEBUG|Executing action Movies.Controllers.HomeController.Index (Movies) 
2017-03-29 09:20:00.7421|1|Microsoft.AspNetCore.Mvc.Internal.ControllerActionInvoker|INFO|Executing action method Movies.Controllers.HomeController.Index (Movies) with arguments () - ModelState is Valid 
2017-03-29 09:20:00.7421|2|Microsoft.AspNetCore.Mvc.Internal.ControllerActionInvoker|DEBUG|Executed action method Movies.Controllers.HomeController.Index (Movies), returned result Microsoft.AspNetCore.Mvc.ViewResult. 
2017-03-29 09:20:00.7428|2|Microsoft.AspNetCore.Mvc.Razor.RazorViewEngine|DEBUG|View lookup cache hit for view 'Index' in controller 'Home'. 
2017-03-29 09:20:00.7428|2|Microsoft.AspNetCore.Mvc.ViewFeatures.Internal.ViewResultExecutor|DEBUG|The view 'Index' was found. 
2017-03-29 09:20:00.7428|1|Microsoft.AspNetCore.Mvc.ViewFeatures.Internal.ViewResultExecutor|INFO|Executing ViewResult, running view at path /Views/Home/Index.cshtml. 
2017-03-29 09:20:00.7443|2|Microsoft.AspNetCore.Mvc.Razor.RazorViewEngine|DEBUG|View lookup cache hit for view '_Layout' in controller 'Home'. 
2017-03-29 09:20:00.7459|2|Microsoft.AspNetCore.Mvc.Internal.ControllerActionInvoker|INFO|Executed action Movies.Controllers.HomeController.Index (Movies) in 3.5012ms 
2017-03-29 09:20:00.7459|2|Microsoft.AspNetCore.Hosting.Internal.WebHost|INFO|Request finished in 29.0827ms 200 text/html; charset=utf-8 
2017-03-29 09:20:00.7459|9|Microsoft.AspNetCore.Server.Kestrel|DEBUG|Connection id "0HL3M50OO5HA8" completed keep alive response. 
2017-03-29 09:20:00.8157|1|Microsoft.AspNetCore.Hosting.Internal.WebHost|INFO|Request starting HTTP/1.1 GET http://localhost:5000/js/site.js   
2017-03-29 09:20:00.8157|5|Microsoft.AspNetCore.StaticFiles.StaticFileMiddleware|DEBUG|The request path /js/site.js does not match an existing file 
2017-03-29 09:20:00.8172|1|Microsoft.AspNetCore.Routing.RouteBase|DEBUG|Request successfully matched the route with name 'default' and template '{controller=Home}/{action=Index}/{id?}'. 
2017-03-29 09:20:00.8172|3|Microsoft.AspNetCore.Mvc.Internal.MvcRouteHandler|DEBUG|No actions matched the current request 
2017-03-29 09:20:00.8172|1|Microsoft.AspNetCore.Builder.RouterMiddleware|DEBUG|Request did not match any routes. 
2017-03-29 09:20:00.8178|2|Microsoft.AspNetCore.Hosting.Internal.WebHost|INFO|Request finished in 2.0372ms 404  
2017-03-29 09:20:00.8178|9|Microsoft.AspNetCore.Server.Kestrel|DEBUG|Connection id "0HL3M50OO5HA8" completed keep alive response. 
2017-03-29 09:20:00.8202|1|Microsoft.AspNetCore.Hosting.Internal.WebHost|INFO|Request starting HTTP/1.1 GET http://localhost:5000/js/site.min.js   
2017-03-29 09:20:00.8202|5|Microsoft.AspNetCore.StaticFiles.StaticFileMiddleware|DEBUG|The request path /js/site.min.js does not match an existing file 
2017-03-29 09:20:00.8209|1|Microsoft.AspNetCore.Routing.RouteBase|DEBUG|Request successfully matched the route with name 'default' and template '{controller=Home}/{action=Index}/{id?}'. 
2017-03-29 09:20:00.8209|3|Microsoft.AspNetCore.Mvc.Internal.MvcRouteHandler|DEBUG|No actions matched the current request 
2017-03-29 09:20:00.8218|1|Microsoft.AspNetCore.Builder.RouterMiddleware|DEBUG|Request did not match any routes. 
2017-03-29 09:20:00.8218|2|Microsoft.AspNetCore.Hosting.Internal.WebHost|INFO|Request finished in 1.9463ms 404  
2017-03-29 09:20:00.8218|9|Microsoft.AspNetCore.Server.Kestrel|DEBUG|Connection id "0HL3M50OO5HA6" completed keep alive response. 
2017-03-29 09:20:00.8923|1|Microsoft.AspNetCore.Hosting.Internal.WebHost|INFO|Request starting HTTP/1.1 GET http://localhost:5000/js/site.js   
2017-03-29 09:20:00.8923|5|Microsoft.AspNetCore.StaticFiles.StaticFileMiddleware|DEBUG|The request path /js/site.js does not match an existing file 
2017-03-29 09:20:00.8937|1|Microsoft.AspNetCore.Routing.RouteBase|DEBUG|Request successfully matched the route with name 'default' and template '{controller=Home}/{action=Index}/{id?}'. 
2017-03-29 09:20:00.8937|3|Microsoft.AspNetCore.Mvc.Internal.MvcRouteHandler|DEBUG|No actions matched the current request 
2017-03-29 09:20:00.8937|1|Microsoft.AspNetCore.Builder.RouterMiddleware|DEBUG|Request did not match any routes. 
2017-03-29 09:20:00.8937|2|Microsoft.AspNetCore.Hosting.Internal.WebHost|INFO|Request finished in 2.0137ms 404  
2017-03-29 09:20:00.8937|9|Microsoft.AspNetCore.Server.Kestrel|DEBUG|Connection id "0HL3M50OO5HA6" completed keep alive response. 
2017-03-29 09:20:00.9235|1|Microsoft.AspNetCore.Hosting.Internal.WebHost|INFO|Request starting HTTP/1.1 GET http://localhost:5000/js/site.min.js   
2017-03-29 09:20:00.9238|5|Microsoft.AspNetCore.StaticFiles.StaticFileMiddleware|DEBUG|The request path /js/site.min.js does not match an existing file 
2017-03-29 09:20:00.9238|1|Microsoft.AspNetCore.Routing.RouteBase|DEBUG|Request successfully matched the route with name 'default' and template '{controller=Home}/{action=Index}/{id?}'. 
2017-03-29 09:20:00.9238|3|Microsoft.AspNetCore.Mvc.Internal.MvcRouteHandler|DEBUG|No actions matched the current request 
2017-03-29 09:20:00.9238|1|Microsoft.AspNetCore.Builder.RouterMiddleware|DEBUG|Request did not match any routes. 
2017-03-29 09:20:00.9238|2|Microsoft.AspNetCore.Hosting.Internal.WebHost|INFO|Request finished in 1.0818ms 404  
2017-03-29 09:20:00.9238|9|Microsoft.AspNetCore.Server.Kestrel|DEBUG|Connection id "0HL3M50OO5HA6" completed keep alive response. 
2017-03-29 09:20:00.9431|1|Microsoft.AspNetCore.Hosting.Internal.WebHost|INFO|Request starting HTTP/1.1 GET http://localhost:5000/js/site.min.js   
2017-03-29 09:20:00.9431|5|Microsoft.AspNetCore.StaticFiles.StaticFileMiddleware|DEBUG|The request path /js/site.min.js does not match an existing file 
2017-03-29 09:20:00.9431|1|Microsoft.AspNetCore.Routing.RouteBase|DEBUG|Request successfully matched the route with name 'default' and template '{controller=Home}/{action=Index}/{id?}'. 
2017-03-29 09:20:00.9431|3|Microsoft.AspNetCore.Mvc.Internal.MvcRouteHandler|DEBUG|No actions matched the current request 
2017-03-29 09:20:00.9437|1|Microsoft.AspNetCore.Builder.RouterMiddleware|DEBUG|Request did not match any routes. 
2017-03-29 09:20:00.9437|2|Microsoft.AspNetCore.Hosting.Internal.WebHost|INFO|Request finished in 0.7576ms 404  
2017-03-29 09:20:00.9437|9|Microsoft.AspNetCore.Server.Kestrel|DEBUG|Connection id "0HL3M50OO5HA6" completed keep alive response. 
2017-03-29 09:20:00.9548|1|Microsoft.AspNetCore.Hosting.Internal.WebHost|INFO|Request starting HTTP/1.1 GET http://localhost:5000/js/site.js   
2017-03-29 09:20:00.9548|5|Microsoft.AspNetCore.StaticFiles.StaticFileMiddleware|DEBUG|The request path /js/site.js does not match an existing file 
2017-03-29 09:20:00.9548|1|Microsoft.AspNetCore.Routing.RouteBase|DEBUG|Request successfully matched the route with name 'default' and template '{controller=Home}/{action=Index}/{id?}'. 
2017-03-29 09:20:00.9548|3|Microsoft.AspNetCore.Mvc.Internal.MvcRouteHandler|DEBUG|No actions matched the current request 
2017-03-29 09:20:00.9548|1|Microsoft.AspNetCore.Builder.RouterMiddleware|DEBUG|Request did not match any routes. 
2017-03-29 09:20:00.9548|2|Microsoft.AspNetCore.Hosting.Internal.WebHost|INFO|Request finished in 0.8582ms 404  
2017-03-29 09:20:00.9557|9|Microsoft.AspNetCore.Server.Kestrel|DEBUG|Connection id "0HL3M50OO5HA6" completed keep alive response. 
2017-03-29 09:20:00.9659|1|Microsoft.AspNetCore.Hosting.Internal.WebHost|INFO|Request starting HTTP/1.1 GET http://localhost:5000/js/site.min.js   
2017-03-29 09:20:00.9659|5|Microsoft.AspNetCore.StaticFiles.StaticFileMiddleware|DEBUG|The request path /js/site.min.js does not match an existing file 
2017-03-29 09:20:00.9659|1|Microsoft.AspNetCore.Routing.RouteBase|DEBUG|Request successfully matched the route with name 'default' and template '{controller=Home}/{action=Index}/{id?}'. 
2017-03-29 09:20:00.9659|3|Microsoft.AspNetCore.Mvc.Internal.MvcRouteHandler|DEBUG|No actions matched the current request 
2017-03-29 09:20:00.9659|1|Microsoft.AspNetCore.Builder.RouterMiddleware|DEBUG|Request did not match any routes. 
2017-03-29 09:20:00.9659|2|Microsoft.AspNetCore.Hosting.Internal.WebHost|INFO|Request finished in 0.7088ms 404  
2017-03-29 09:20:00.9659|9|Microsoft.AspNetCore.Server.Kestrel|DEBUG|Connection id "0HL3M50OO5HA6" completed keep alive response. 
2017-03-29 09:20:04.4576|5|Microsoft.AspNetCore.Hosting.Internal.WebHost|DEBUG|Hosting shutdown 
2017-03-29 09:20:04.4721|10|Microsoft.AspNetCore.Server.Kestrel|DEBUG|Connection id "0HL3M50OO5HA8" disconnecting. 
2017-03-29 09:20:04.4721|10|Microsoft.AspNetCore.Server.Kestrel|DEBUG|Connection id "0HL3M50OO5HA6" disconnecting. 
2017-03-29 09:20:04.4721|10|Microsoft.AspNetCore.Server.Kestrel|DEBUG|Connection id "0HL3M50OO5HA4" disconnecting. 
2017-03-29 09:20:04.4733|7|Microsoft.AspNetCore.Server.Kestrel|DEBUG|Connection id "0HL3M50OO5HA8" sending FIN. 
2017-03-29 09:20:04.4733|10|Microsoft.AspNetCore.Server.Kestrel|DEBUG|Connection id "0HL3M50OO5HA3" disconnecting. 
2017-03-29 09:20:04.4733|10|Microsoft.AspNetCore.Server.Kestrel|DEBUG|Connection id "0HL3M50OO5HA7" disconnecting. 
2017-03-29 09:20:04.4741|7|Microsoft.AspNetCore.Server.Kestrel|DEBUG|Connection id "0HL3M50OO5HA3" sending FIN. 
2017-03-29 09:20:04.4733|10|Microsoft.AspNetCore.Server.Kestrel|DEBUG|Connection id "0HL3M50OO5HA5" disconnecting. 
2017-03-29 09:20:04.4741|7|Microsoft.AspNetCore.Server.Kestrel|DEBUG|Connection id "0HL3M50OO5HA6" sending FIN. 
2017-03-29 09:20:04.4741|7|Microsoft.AspNetCore.Server.Kestrel|DEBUG|Connection id "0HL3M50OO5HA7" sending FIN. 
2017-03-29 09:20:04.4741|7|Microsoft.AspNetCore.Server.Kestrel|DEBUG|Connection id "0HL3M50OO5HA5" sending FIN. 
2017-03-29 09:20:04.4741|7|Microsoft.AspNetCore.Server.Kestrel|DEBUG|Connection id "0HL3M50OO5HA4" sending FIN. 
2017-03-29 09:20:04.4776|8|Microsoft.AspNetCore.Server.Kestrel|DEBUG|Connection id "0HL3M50OO5HA3" sent FIN with status "0". 
2017-03-29 09:20:04.4776|8|Microsoft.AspNetCore.Server.Kestrel|DEBUG|Connection id "0HL3M50OO5HA8" sent FIN with status "0". 
2017-03-29 09:20:04.4801|2|Microsoft.AspNetCore.Server.Kestrel|DEBUG|Connection id "0HL3M50OO5HA8" stopped. 
2017-03-29 09:20:04.4801|8|Microsoft.AspNetCore.Server.Kestrel|DEBUG|Connection id "0HL3M50OO5HA6" sent FIN with status "0". 
2017-03-29 09:20:04.4801|2|Microsoft.AspNetCore.Server.Kestrel|DEBUG|Connection id "0HL3M50OO5HA3" stopped. 
2017-03-29 09:20:04.4801|8|Microsoft.AspNetCore.Server.Kestrel|DEBUG|Connection id "0HL3M50OO5HA7" sent FIN with status "0". 
2017-03-29 09:20:04.4801|2|Microsoft.AspNetCore.Server.Kestrel|DEBUG|Connection id "0HL3M50OO5HA7" stopped. 
2017-03-29 09:20:04.4801|8|Microsoft.AspNetCore.Server.Kestrel|DEBUG|Connection id "0HL3M50OO5HA5" sent FIN with status "0". 
2017-03-29 09:20:04.4801|2|Microsoft.AspNetCore.Server.Kestrel|DEBUG|Connection id "0HL3M50OO5HA6" stopped. 
2017-03-29 09:20:04.4810|8|Microsoft.AspNetCore.Server.Kestrel|DEBUG|Connection id "0HL3M50OO5HA4" sent FIN with status "0". 
2017-03-29 09:20:04.4810|2|Microsoft.AspNetCore.Server.Kestrel|DEBUG|Connection id "0HL3M50OO5HA4" stopped. 
2017-03-29 09:20:04.4801|2|Microsoft.AspNetCore.Server.Kestrel|DEBUG|Connection id "0HL3M50OO5HA5" stopped. 
